2022-08-04 10:28:06,456] [INFO] file=C:\Users\micha\.conda\envs\gw_pywps\lib\site-packages\pywps\app\Service.py line=288 module=Service function=call Request: describeprocess
2022-08-04 10:29:31,638] [INFO] file=C:\Users\micha\.conda\envs\gw_pywps\lib\site-packages\pywps\app\Service.py line=288 module=Service function=call Request: execute
2022-08-04 10:29:31,784] [INFO] file=C:\Users\micha\.conda\envs\gw_pywps\lib\site-packages\pywps\app\Process.py line=327 module=Process function=clean Removing temporary working directory: D:\documents\groundwater-monitoring-wps\tmp\pywps_process_5wv_30um
2022-08-04 10:29:45,506] [INFO] file=C:\Users\micha\.conda\envs\gw_pywps\lib\site-packages\pywps\app\Service.py line=288 module=Service function=call Request: execute
2022-08-04 10:29:45,725] [INFO] file=C:\Users\micha\.conda\envs\gw_pywps\lib\site-packages\pywps\app\Process.py line=327 module=Process function=clean Removing temporary working directory: D:\documents\groundwater-monitoring-wps\tmp\pywps_process_ef2axxny
2022-08-04 11:12:31,111] [INFO] file=C:\Users\micha\.conda\envs\gw_test_1\lib\site-packages\pywps\app\Service.py line=288 module=Service function=call Request: describeprocess
2022-08-04 11:12:47,410] [INFO] file=C:\Users\micha\.conda\envs\gw_test_1\lib\site-packages\pywps\app\Service.py line=288 module=Service function=call Request: describeprocess
2022-08-05 10:33:15,007] [INFO] file=C:\Users\hendrik_gt\Anaconda3\envs\grondwater\lib\site-packages\pywps\app\Service.py line=288 module=Service function=call Request: getcapabilities
2022-08-05 10:33:28,685] [INFO] file=C:\Users\hendrik_gt\Anaconda3\envs\grondwater\lib\site-packages\pywps\app\Service.py line=288 module=Service function=call Request: getcapabilities
2022-08-05 10:34:37,755] [INFO] file=C:\Users\hendrik_gt\Anaconda3\envs\grondwater\lib\site-packages\pywps\app\Service.py line=288 module=Service function=call Request: execute
2022-08-05 10:34:37,757] [ERROR] file=C:\Users\hendrik_gt\Anaconda3\envs\grondwater\lib\site-packages\pywps\exceptions.py line=48 module=exceptions function=__init__ Exception: code: 400, description: Unknown process 'Ultimatequestion', locator: Identifier
Traceback (most recent call last):
  File "C:\Users\hendrik_gt\Anaconda3\envs\grondwater\lib\site-packages\pywps\app\Service.py", line 88, in prepare_process_for_execution
    process = self.processes[identifier]
KeyError: 'Ultimatequestion'
2022-08-05 10:35:06,428] [INFO] file=C:\Users\hendrik_gt\Anaconda3\envs\grondwater\lib\site-packages\pywps\app\Service.py line=288 module=Service function=call Request: execute
2022-08-05 10:35:06,439] [ERROR] file=C:\Users\hendrik_gt\Anaconda3\envs\grondwater\lib\site-packages\pywps\exceptions.py line=48 module=exceptions function=__init__ Exception: code: 500, description: No applicable error code, please check error log., locator: 
Traceback (most recent call last):
  File "C:\Users\hendrik_gt\Anaconda3\envs\grondwater\lib\site-packages\pywps\app\Service.py", line 314, in call
    raise e
  File "C:\Users\hendrik_gt\Anaconda3\envs\grondwater\lib\site-packages\pywps\app\Service.py", line 304, in call
    response = self.execute(
  File "C:\Users\hendrik_gt\Anaconda3\envs\grondwater\lib\site-packages\pywps\app\Service.py", line 81, in execute
    process = self.prepare_process_for_execution(identifier)
  File "C:\Users\hendrik_gt\Anaconda3\envs\grondwater\lib\site-packages\pywps\app\Service.py", line 97, in prepare_process_for_execution
    tempdir = tempfile.mkdtemp(prefix='pywps_process_', dir=workdir)
  File "C:\Users\hendrik_gt\Anaconda3\envs\grondwater\lib\tempfile.py", line 358, in mkdtemp
    _os.mkdir(file, 0o700)
FileNotFoundError: [WinError 3] The system cannot find the path specified: 'D:\\projecten\\datamanagement\\rws\\GrondwaterMonitoringIJmuiden\\groundwater_monitoring_wps\\groundwater-monitoring-wps\\tmp\\pywps_process_7c6btc_j'
2022-08-05 10:35:15,356] [ERROR] file=C:\Users\hendrik_gt\Anaconda3\envs\grondwater\lib\site-packages\pywps\exceptions.py line=48 module=exceptions function=__init__ Exception: code: 400, description: Unknown request executeprocess, locator: ExecuteProcess
NoneType: None
2022-08-05 10:35:29,058] [INFO] file=C:\Users\hendrik_gt\Anaconda3\envs\grondwater\lib\site-packages\pywps\app\Service.py line=288 module=Service function=call Request: execute
2022-08-05 10:35:29,066] [ERROR] file=C:\Users\hendrik_gt\Anaconda3\envs\grondwater\lib\site-packages\pywps\exceptions.py line=48 module=exceptions function=__init__ Exception: code: 500, description: No applicable error code, please check error log., locator: 
Traceback (most recent call last):
  File "C:\Users\hendrik_gt\Anaconda3\envs\grondwater\lib\site-packages\pywps\app\Service.py", line 314, in call
    raise e
  File "C:\Users\hendrik_gt\Anaconda3\envs\grondwater\lib\site-packages\pywps\app\Service.py", line 304, in call
    response = self.execute(
  File "C:\Users\hendrik_gt\Anaconda3\envs\grondwater\lib\site-packages\pywps\app\Service.py", line 81, in execute
    process = self.prepare_process_for_execution(identifier)
  File "C:\Users\hendrik_gt\Anaconda3\envs\grondwater\lib\site-packages\pywps\app\Service.py", line 97, in prepare_process_for_execution
    tempdir = tempfile.mkdtemp(prefix='pywps_process_', dir=workdir)
  File "C:\Users\hendrik_gt\Anaconda3\envs\grondwater\lib\tempfile.py", line 358, in mkdtemp
    _os.mkdir(file, 0o700)
FileNotFoundError: [WinError 3] The system cannot find the path specified: 'D:\\projecten\\datamanagement\\rws\\GrondwaterMonitoringIJmuiden\\groundwater_monitoring_wps\\groundwater-monitoring-wps\\tmp\\pywps_process_l7on_rad'
2022-08-05 10:36:16,966] [INFO] file=C:\Users\hendrik_gt\Anaconda3\envs\grondwater\lib\site-packages\pywps\app\Service.py line=288 module=Service function=call Request: execute
2022-08-05 10:36:17,063] [INFO] file=C:\Users\hendrik_gt\Anaconda3\envs\grondwater\lib\site-packages\pywps\app\Process.py line=327 module=Process function=clean Removing temporary working directory: D:\projecten\datamanagement\rws\GrondwaterMonitoringIJmuiden\groundwater_monitoring_wps\groundwater-monitoring-wps\tmp\pywps_process_02i5q7ib
2022-08-05 10:37:24,776] [INFO] file=C:\Users\hendrik_gt\Anaconda3\envs\grondwater\lib\site-packages\pywps\app\Service.py line=288 module=Service function=call Request: execute
2022-08-05 10:37:24,930] [INFO] file=C:\Users\hendrik_gt\Anaconda3\envs\grondwater\lib\site-packages\pywps\app\Process.py line=327 module=Process function=clean Removing temporary working directory: D:\projecten\datamanagement\rws\GrondwaterMonitoringIJmuiden\groundwater_monitoring_wps\groundwater-monitoring-wps\tmp\pywps_process_g32hei0_
2022-08-10 14:16:07,896] [INFO] file=C:\Users\hendrik_gt\Anaconda3\envs\grondwater\lib\site-packages\pywps\app\Service.py line=288 module=Service function=call Request: getcapabilities
2022-08-10 14:19:14,304] [INFO] file=C:\Users\hendrik_gt\Anaconda3\envs\grondwater\lib\site-packages\pywps\app\Service.py line=288 module=Service function=call Request: getcapabilities
2022-08-10 14:57:23,571] [ERROR] file=C:\Users\hendrik_gt\Anaconda3\envs\grondwater\lib\site-packages\pywps\exceptions.py line=48 module=exceptions function=__init__ Exception: code: 400, description: Unknown request describecapabilities, locator: DescribeCapabilities
NoneType: None
2022-08-10 14:57:35,357] [INFO] file=C:\Users\hendrik_gt\Anaconda3\envs\grondwater\lib\site-packages\pywps\app\Service.py line=288 module=Service function=call Request: describeprocess
2022-08-10 14:58:06,091] [INFO] file=C:\Users\hendrik_gt\Anaconda3\envs\grondwater\lib\site-packages\pywps\app\Service.py line=288 module=Service function=call Request: execute
2022-08-10 14:58:06,171] [ERROR] file=C:\Users\hendrik_gt\Anaconda3\envs\grondwater\lib\site-packages\pywps\app\Process.py line=279 module=Process function=_run_process Process error: method=read_gwslocations.py._handler, line=35, msg='answer'
2022-08-10 14:58:06,174] [INFO] file=C:\Users\hendrik_gt\Anaconda3\envs\grondwater\lib\site-packages\pywps\app\Process.py line=327 module=Process function=clean Removing temporary working directory: D:\projecten\datamanagement\rws\GrondwaterMonitoringIJmuiden\groundwater_monitoring_wps\groundwater-monitoring-wps\tmp\pywps_process_g8abf3h6
2022-08-10 14:59:36,113] [INFO] file=C:\Users\hendrik_gt\Anaconda3\envs\grondwater\lib\site-packages\pywps\app\Service.py line=288 module=Service function=call Request: execute
2022-08-10 14:59:36,239] [INFO] file=C:\Users\hendrik_gt\Anaconda3\envs\grondwater\lib\site-packages\pywps\app\Process.py line=327 module=Process function=clean Removing temporary working directory: D:\projecten\datamanagement\rws\GrondwaterMonitoringIJmuiden\groundwater_monitoring_wps\groundwater-monitoring-wps\tmp\pywps_process_7padf1xp
2022-08-10 15:00:02,004] [INFO] file=C:\Users\hendrik_gt\Anaconda3\envs\grondwater\lib\site-packages\pywps\app\Service.py line=288 module=Service function=call Request: execute
2022-08-10 15:00:03,742] [ERROR] file=C:\Users\hendrik_gt\Anaconda3\envs\grondwater\lib\site-packages\pywps\app\Process.py line=279 module=Process function=_run_process Process error: method=read_gwslocations.py._handler, line=37, msg=No module named 'psycopg2'
2022-08-10 15:00:03,750] [INFO] file=C:\Users\hendrik_gt\Anaconda3\envs\grondwater\lib\site-packages\pywps\app\Process.py line=327 module=Process function=clean Removing temporary working directory: D:\projecten\datamanagement\rws\GrondwaterMonitoringIJmuiden\groundwater_monitoring_wps\groundwater-monitoring-wps\tmp\pywps_process_z3qoy77z
2022-08-10 15:00:42,002] [INFO] file=C:\Users\hendrik_gt\Anaconda3\envs\grondwater\lib\site-packages\pywps\app\Service.py line=288 module=Service function=call Request: execute
2022-08-10 15:00:42,159] [ERROR] file=C:\Users\hendrik_gt\Anaconda3\envs\grondwater\lib\site-packages\pywps\app\Process.py line=279 module=Process function=_run_process Process error: method=read_gwslocations.py._handler, line=37, msg=No module named 'psycopg2'
2022-08-10 15:00:42,163] [INFO] file=C:\Users\hendrik_gt\Anaconda3\envs\grondwater\lib\site-packages\pywps\app\Process.py line=327 module=Process function=clean Removing temporary working directory: D:\projecten\datamanagement\rws\GrondwaterMonitoringIJmuiden\groundwater_monitoring_wps\groundwater-monitoring-wps\tmp\pywps_process_78rsat4b
2022-08-10 15:03:36,529] [INFO] file=C:\Users\hendrik_gt\Anaconda3\envs\grondwater\lib\site-packages\pywps\app\Service.py line=288 module=Service function=call Request: execute
2022-08-10 15:03:37,084] [ERROR] file=C:\Users\hendrik_gt\Anaconda3\envs\grondwater\lib\site-packages\pywps\app\Process.py line=279 module=Process function=_run_process Process error: method=read_gwslocations.py._handler, line=37, msg=(psycopg2.OperationalError) could not translate host name "13227@localhost" to address: Unknown server error

(Background on this error at: https://sqlalche.me/e/14/e3q8)
2022-08-10 15:03:37,090] [INFO] file=C:\Users\hendrik_gt\Anaconda3\envs\grondwater\lib\site-packages\pywps\app\Process.py line=327 module=Process function=clean Removing temporary working directory: D:\projecten\datamanagement\rws\GrondwaterMonitoringIJmuiden\groundwater_monitoring_wps\groundwater-monitoring-wps\tmp\pywps_process_40ls391j
2022-08-10 15:04:21,552] [INFO] file=C:\Users\hendrik_gt\Anaconda3\envs\grondwater\lib\site-packages\pywps\app\Service.py line=288 module=Service function=call Request: execute
2022-08-10 15:04:33,237] [ERROR] file=C:\Users\hendrik_gt\Anaconda3\envs\grondwater\lib\site-packages\pywps\app\Process.py line=279 module=Process function=_run_process Process error: method=read_gwslocations.py._handler, line=37, msg=(psycopg2.OperationalError) could not translate host name "13227" to address: Unknown host

(Background on this error at: https://sqlalche.me/e/14/e3q8)
2022-08-10 15:04:33,241] [INFO] file=C:\Users\hendrik_gt\Anaconda3\envs\grondwater\lib\site-packages\pywps\app\Process.py line=327 module=Process function=clean Removing temporary working directory: D:\projecten\datamanagement\rws\GrondwaterMonitoringIJmuiden\groundwater_monitoring_wps\groundwater-monitoring-wps\tmp\pywps_process_jrm99d4v
2022-08-10 15:07:17,384] [INFO] file=C:\Users\hendrik_gt\Anaconda3\envs\grondwater\lib\site-packages\pywps\app\Service.py line=288 module=Service function=call Request: execute
2022-08-10 15:07:17,635] [ERROR] file=C:\Users\hendrik_gt\Anaconda3\envs\grondwater\lib\site-packages\pywps\app\Process.py line=279 module=Process function=_run_process Process error: method=read_gwslocations.py._handler, line=37, msg=(psycopg2.OperationalError) could not translate host name "13227'@localhost" to address: Unknown server error

(Background on this error at: https://sqlalche.me/e/14/e3q8)
2022-08-10 15:07:17,640] [INFO] file=C:\Users\hendrik_gt\Anaconda3\envs\grondwater\lib\site-packages\pywps\app\Process.py line=327 module=Process function=clean Removing temporary working directory: D:\projecten\datamanagement\rws\GrondwaterMonitoringIJmuiden\groundwater_monitoring_wps\groundwater-monitoring-wps\tmp\pywps_process_70bcqtft
2022-08-10 15:08:03,034] [INFO] file=C:\Users\hendrik_gt\Anaconda3\envs\grondwater\lib\site-packages\pywps\app\Service.py line=288 module=Service function=call Request: execute
2022-08-10 15:08:03,460] [ERROR] file=C:\Users\hendrik_gt\Anaconda3\envs\grondwater\lib\site-packages\pywps\app\Process.py line=279 module=Process function=_run_process Process error: method=read_gwslocations.py._handler, line=37, msg=(psycopg2.OperationalError) could not translate host name "13227@localhost" to address: Unknown server error

(Background on this error at: https://sqlalche.me/e/14/e3q8)
2022-08-10 15:08:03,469] [INFO] file=C:\Users\hendrik_gt\Anaconda3\envs\grondwater\lib\site-packages\pywps\app\Process.py line=327 module=Process function=clean Removing temporary working directory: D:\projecten\datamanagement\rws\GrondwaterMonitoringIJmuiden\groundwater_monitoring_wps\groundwater-monitoring-wps\tmp\pywps_process_c6e_59dm
2022-08-10 15:12:45,947] [INFO] file=C:\Users\hendrik_gt\Anaconda3\envs\grondwater\lib\site-packages\pywps\app\Service.py line=288 module=Service function=call Request: execute
2022-08-10 15:12:46,217] [ERROR] file=C:\Users\hendrik_gt\Anaconda3\envs\grondwater\lib\site-packages\pywps\app\Process.py line=279 module=Process function=_run_process Process error: method=read_gwslocations.py._handler, line=37, msg=(psycopg2.OperationalError) could not translate host name "13227@localhost" to address: Unknown server error

(Background on this error at: https://sqlalche.me/e/14/e3q8)
2022-08-10 15:12:46,220] [INFO] file=C:\Users\hendrik_gt\Anaconda3\envs\grondwater\lib\site-packages\pywps\app\Process.py line=327 module=Process function=clean Removing temporary working directory: D:\projecten\datamanagement\rws\GrondwaterMonitoringIJmuiden\groundwater_monitoring_wps\groundwater-monitoring-wps\tmp\pywps_process_y3ihl_r3
2022-08-10 15:13:40,569] [INFO] file=C:\Users\hendrik_gt\Anaconda3\envs\grondwater\lib\site-packages\pywps\app\Service.py line=288 module=Service function=call Request: execute
2022-08-10 15:13:41,060] [INFO] file=C:\Users\hendrik_gt\Anaconda3\envs\grondwater\lib\site-packages\pywps\app\Process.py line=327 module=Process function=clean Removing temporary working directory: D:\projecten\datamanagement\rws\GrondwaterMonitoringIJmuiden\groundwater_monitoring_wps\groundwater-monitoring-wps\tmp\pywps_process_na2gh4em
2022-08-11 11:48:02,976] [INFO] file=C:\Users\hendrik_gt\Anaconda3\envs\grondwater\lib\site-packages\pywps\app\Service.py line=288 module=Service function=call Request: execute
2022-08-11 11:48:03,633] [INFO] file=C:\Users\hendrik_gt\Anaconda3\envs\grondwater\lib\site-packages\pywps\validator\complexvalidator.py line=195 module=complexvalidator function=validatejson validating JSON; Mode: 0
2022-08-11 11:48:03,638] [INFO] file=C:\Users\hendrik_gt\Anaconda3\envs\grondwater\lib\site-packages\pywps\app\Process.py line=327 module=Process function=clean Removing temporary working directory: D:\projecten\datamanagement\rws\GrondwaterMonitoringIJmuiden\groundwater_monitoring_wps\groundwater-monitoring-wps\tmp\pywps_process_v2qhh022
2022-08-16 13:59:41,531] [INFO] file=C:\Users\hendrik_gt\Anaconda3\envs\grondwater\lib\site-packages\pywps\app\Service.py line=288 module=Service function=call Request: getcapabilities
2022-08-16 14:04:35,613] [INFO] file=C:\Users\hendrik_gt\Anaconda3\envs\grondwater\lib\site-packages\pywps\app\Service.py line=288 module=Service function=call Request: execute
2022-08-16 14:04:35,671] [INFO] file=C:\Users\hendrik_gt\Anaconda3\envs\grondwater\lib\site-packages\pywps\app\Process.py line=327 module=Process function=clean Removing temporary working directory: D:\projecten\datamanagement\rws\GrondwaterMonitoringIJmuiden\groundwater_monitoring_wps\groundwater-monitoring-wps\tmp\pywps_process_hjcbw2s7
2022-08-16 14:14:12,733] [INFO] file=C:\Users\hendrik_gt\Anaconda3\envs\grondwater\lib\site-packages\pywps\app\Service.py line=288 module=Service function=call Request: getcapabilities
2022-08-16 14:14:36,756] [INFO] file=C:\Users\hendrik_gt\Anaconda3\envs\grondwater\lib\site-packages\pywps\app\Service.py line=288 module=Service function=call Request: execute
2022-08-16 14:14:37,290] [INFO] file=C:\Users\hendrik_gt\Anaconda3\envs\grondwater\lib\site-packages\pywps\validator\complexvalidator.py line=195 module=complexvalidator function=validatejson validating JSON; Mode: 0
2022-08-16 14:14:37,295] [INFO] file=C:\Users\hendrik_gt\Anaconda3\envs\grondwater\lib\site-packages\pywps\app\Process.py line=327 module=Process function=clean Removing temporary working directory: D:\projecten\datamanagement\rws\GrondwaterMonitoringIJmuiden\groundwater_monitoring_wps\groundwater-monitoring-wps\tmp\pywps_process_sm7oppji
2022-08-16 14:28:22,283] [INFO] file=C:\Users\hendrik_gt\Anaconda3\envs\grondwater\lib\site-packages\pywps\app\Service.py line=288 module=Service function=call Request: getcapabilities
2022-08-16 14:28:42,301] [INFO] file=C:\Users\hendrik_gt\Anaconda3\envs\grondwater\lib\site-packages\pywps\app\Service.py line=288 module=Service function=call Request: describeprocess
2022-08-16 14:29:52,657] [INFO] file=C:\Users\hendrik_gt\Anaconda3\envs\grondwater\lib\site-packages\pywps\app\Service.py line=288 module=Service function=call Request: execute
2022-08-16 14:29:52,662] [INFO] file=C:\Users\hendrik_gt\Anaconda3\envs\grondwater\lib\site-packages\pywps\validator\complexvalidator.py line=195 module=complexvalidator function=validatejson validating JSON; Mode: 0
2022-08-16 14:29:52,712] [INFO] file=C:\Users\hendrik_gt\Anaconda3\envs\grondwater\lib\site-packages\pywps\validator\complexvalidator.py line=195 module=complexvalidator function=validatejson validating JSON; Mode: 0
2022-08-16 14:29:52,717] [INFO] file=C:\Users\hendrik_gt\Anaconda3\envs\grondwater\lib\site-packages\pywps\app\Process.py line=327 module=Process function=clean Removing temporary working directory: D:\projecten\datamanagement\rws\GrondwaterMonitoringIJmuiden\groundwater_monitoring_wps\groundwater-monitoring-wps\tmp\pywps_process_teqcoz1e
2022-08-16 14:31:04,364] [INFO] file=C:\Users\hendrik_gt\Anaconda3\envs\grondwater\lib\site-packages\pywps\app\Service.py line=288 module=Service function=call Request: execute
2022-08-16 14:31:04,390] [INFO] file=C:\Users\hendrik_gt\Anaconda3\envs\grondwater\lib\site-packages\pywps\validator\complexvalidator.py line=195 module=complexvalidator function=validatejson validating JSON; Mode: 0
2022-08-16 14:31:04,460] [INFO] file=C:\Users\hendrik_gt\Anaconda3\envs\grondwater\lib\site-packages\pywps\validator\complexvalidator.py line=195 module=complexvalidator function=validatejson validating JSON; Mode: 0
2022-08-16 14:31:04,465] [INFO] file=C:\Users\hendrik_gt\Anaconda3\envs\grondwater\lib\site-packages\pywps\app\Process.py line=327 module=Process function=clean Removing temporary working directory: D:\projecten\datamanagement\rws\GrondwaterMonitoringIJmuiden\groundwater_monitoring_wps\groundwater-monitoring-wps\tmp\pywps_process_e_o_t823
2022-09-09 11:21:08,498] [INFO] file=C:\Users\hendrik_gt\Anaconda3\envs\grondwater\lib\site-packages\pywps\app\Service.py line=288 module=Service function=call Request: getcapabilities
2022-09-09 11:21:32,391] [INFO] file=C:\Users\hendrik_gt\Anaconda3\envs\grondwater\lib\site-packages\pywps\app\Service.py line=288 module=Service function=call Request: execute
2022-09-09 11:21:33,293] [INFO] file=C:\Users\hendrik_gt\Anaconda3\envs\grondwater\lib\site-packages\pywps\validator\complexvalidator.py line=195 module=complexvalidator function=validatejson validating JSON; Mode: 0
2022-09-09 11:21:33,300] [INFO] file=C:\Users\hendrik_gt\Anaconda3\envs\grondwater\lib\site-packages\pywps\app\Process.py line=327 module=Process function=clean Removing temporary working directory: D:\projecten\datamanagement\rws\GrondwaterMonitoringIJmuiden\groundwater_monitoring_wps\groundwater-monitoring-wps\tmp\pywps_process_fm7bc4cr
2022-09-09 11:25:44,564] [INFO] file=C:\Users\hendrik_gt\Anaconda3\envs\grondwater\lib\site-packages\pywps\app\Service.py line=288 module=Service function=call Request: execute
2022-09-09 11:25:44,566] [ERROR] file=C:\Users\hendrik_gt\Anaconda3\envs\grondwater\lib\site-packages\pywps\exceptions.py line=48 module=exceptions function=__init__ Exception: code: 400, description: Unknown process 'gettimeseries_process', locator: Identifier
Traceback (most recent call last):
  File "C:\Users\hendrik_gt\Anaconda3\envs\grondwater\lib\site-packages\pywps\app\Service.py", line 88, in prepare_process_for_execution
    process = self.processes[identifier]
KeyError: 'gettimeseries_process'
2022-09-09 11:26:08,403] [INFO] file=C:\Users\hendrik_gt\Anaconda3\envs\grondwater\lib\site-packages\pywps\app\Service.py line=288 module=Service function=call Request: execute
2022-09-09 11:26:08,405] [ERROR] file=C:\Users\hendrik_gt\Anaconda3\envs\grondwater\lib\site-packages\pywps\exceptions.py line=48 module=exceptions function=__init__ Exception: code: 400, description: Unknown process 'gettimeseries_process', locator: Identifier
Traceback (most recent call last):
  File "C:\Users\hendrik_gt\Anaconda3\envs\grondwater\lib\site-packages\pywps\app\Service.py", line 88, in prepare_process_for_execution
    process = self.processes[identifier]
KeyError: 'gettimeseries_process'
2022-09-09 11:26:19,106] [INFO] file=C:\Users\hendrik_gt\Anaconda3\envs\grondwater\lib\site-packages\pywps\app\Service.py line=288 module=Service function=call Request: execute
2022-09-09 11:26:19,107] [ERROR] file=C:\Users\hendrik_gt\Anaconda3\envs\grondwater\lib\site-packages\pywps\exceptions.py line=48 module=exceptions function=__init__ Exception: code: 400, description: Unknown process 'gettimeseries', locator: Identifier
Traceback (most recent call last):
  File "C:\Users\hendrik_gt\Anaconda3\envs\grondwater\lib\site-packages\pywps\app\Service.py", line 88, in prepare_process_for_execution
    process = self.processes[identifier]
KeyError: 'gettimeseries'
2022-09-09 11:26:26,991] [INFO] file=C:\Users\hendrik_gt\Anaconda3\envs\grondwater\lib\site-packages\pywps\app\Service.py line=288 module=Service function=call Request: execute
2022-09-09 11:26:26,993] [ERROR] file=C:\Users\hendrik_gt\Anaconda3\envs\grondwater\lib\site-packages\pywps\exceptions.py line=48 module=exceptions function=__init__ Exception: code: 400, description: Unknown process 'gettimeseries', locator: Identifier
Traceback (most recent call last):
  File "C:\Users\hendrik_gt\Anaconda3\envs\grondwater\lib\site-packages\pywps\app\Service.py", line 88, in prepare_process_for_execution
    process = self.processes[identifier]
KeyError: 'gettimeseries'
2022-09-09 11:27:28,337] [INFO] file=C:\Users\hendrik_gt\Anaconda3\envs\grondwater\lib\site-packages\pywps\app\Service.py line=288 module=Service function=call Request: describeprocess
2022-09-09 11:27:28,342] [ERROR] file=C:\Users\hendrik_gt\Anaconda3\envs\grondwater\lib\site-packages\pywps\exceptions.py line=48 module=exceptions function=__init__ Exception: code: 400, description: Unknown process gettimeseries, locator: identifier
NoneType: None
2022-09-09 11:27:51,839] [INFO] file=C:\Users\hendrik_gt\Anaconda3\envs\grondwater\lib\site-packages\pywps\app\Service.py line=288 module=Service function=call Request: describeprocess
2022-09-09 11:28:18,290] [INFO] file=C:\Users\hendrik_gt\Anaconda3\envs\grondwater\lib\site-packages\pywps\app\Service.py line=288 module=Service function=call Request: execute
2022-09-09 11:28:18,297] [ERROR] file=C:\Users\hendrik_gt\Anaconda3\envs\grondwater\lib\site-packages\pywps\app\Service.py line=137 module=Service function=_parse_and_execute Missing parameter value: locationinfo
2022-09-09 11:28:18,298] [ERROR] file=C:\Users\hendrik_gt\Anaconda3\envs\grondwater\lib\site-packages\pywps\exceptions.py line=48 module=exceptions function=__init__ Exception: code: 400, description: locationinfo, locator: locationinfo
NoneType: None
2022-09-09 11:28:40,948] [INFO] file=C:\Users\hendrik_gt\Anaconda3\envs\grondwater\lib\site-packages\pywps\app\Service.py line=288 module=Service function=call Request: execute
2022-09-09 11:28:40,950] [ERROR] file=C:\Users\hendrik_gt\Anaconda3\envs\grondwater\lib\site-packages\pywps\app\Service.py line=137 module=Service function=_parse_and_execute Missing parameter value: locationinfo
2022-09-09 11:28:40,951] [ERROR] file=C:\Users\hendrik_gt\Anaconda3\envs\grondwater\lib\site-packages\pywps\exceptions.py line=48 module=exceptions function=__init__ Exception: code: 400, description: locationinfo, locator: locationinfo
NoneType: None
2022-09-09 11:30:13,845] [INFO] file=C:\Users\hendrik_gt\Anaconda3\envs\grondwater\lib\site-packages\pywps\app\Service.py line=288 module=Service function=call Request: execute
2022-09-09 11:30:13,847] [ERROR] file=C:\Users\hendrik_gt\Anaconda3\envs\grondwater\lib\site-packages\pywps\app\Service.py line=137 module=Service function=_parse_and_execute Missing parameter value: locationinfo
2022-09-09 11:30:13,847] [ERROR] file=C:\Users\hendrik_gt\Anaconda3\envs\grondwater\lib\site-packages\pywps\exceptions.py line=48 module=exceptions function=__init__ Exception: code: 400, description: locationinfo, locator: locationinfo
NoneType: None
2022-09-09 11:30:40,338] [INFO] file=C:\Users\hendrik_gt\Anaconda3\envs\grondwater\lib\site-packages\pywps\app\Service.py line=288 module=Service function=call Request: execute
2022-09-09 11:30:40,340] [ERROR] file=C:\Users\hendrik_gt\Anaconda3\envs\grondwater\lib\site-packages\pywps\app\Service.py line=137 module=Service function=_parse_and_execute Missing parameter value: locationinfo
2022-09-09 11:30:40,340] [ERROR] file=C:\Users\hendrik_gt\Anaconda3\envs\grondwater\lib\site-packages\pywps\exceptions.py line=48 module=exceptions function=__init__ Exception: code: 400, description: locationinfo, locator: locationinfo
NoneType: None
2022-09-09 12:04:48,530] [INFO] file=C:\Users\hendrik_gt\Anaconda3\envs\grondwater\lib\site-packages\pywps\app\Service.py line=288 module=Service function=call Request: getcapabilities
2022-09-09 12:05:08,120] [INFO] file=C:\Users\hendrik_gt\Anaconda3\envs\grondwater\lib\site-packages\pywps\app\Service.py line=288 module=Service function=call Request: execute
2022-09-09 12:05:08,502] [INFO] file=C:\Users\hendrik_gt\Anaconda3\envs\grondwater\lib\site-packages\pywps\validator\complexvalidator.py line=195 module=complexvalidator function=validatejson validating JSON; Mode: 0
2022-09-09 12:05:08,508] [INFO] file=C:\Users\hendrik_gt\Anaconda3\envs\grondwater\lib\site-packages\pywps\app\Process.py line=327 module=Process function=clean Removing temporary working directory: D:\projecten\datamanagement\rws\GrondwaterMonitoringIJmuiden\groundwater_monitoring_wps\groundwater-monitoring-wps\tmp\pywps_process_csolkpgi
2022-09-09 12:05:24,041] [INFO] file=C:\Users\hendrik_gt\Anaconda3\envs\grondwater\lib\site-packages\pywps\app\Service.py line=288 module=Service function=call Request: describeprocess
2022-09-09 12:06:36,931] [INFO] file=C:\Users\hendrik_gt\Anaconda3\envs\grondwater\lib\site-packages\pywps\app\Service.py line=288 module=Service function=call Request: execute
2022-09-09 12:06:36,940] [ERROR] file=C:\Users\hendrik_gt\Anaconda3\envs\grondwater\lib\site-packages\pywps\app\Service.py line=137 module=Service function=_parse_and_execute Missing parameter value: locationinfo
2022-09-09 12:06:36,940] [ERROR] file=C:\Users\hendrik_gt\Anaconda3\envs\grondwater\lib\site-packages\pywps\exceptions.py line=48 module=exceptions function=__init__ Exception: code: 400, description: locationinfo, locator: locationinfo
NoneType: None
2022-09-09 12:08:32,896] [INFO] file=C:\Users\hendrik_gt\Anaconda3\envs\grondwater\lib\site-packages\pywps\app\Service.py line=288 module=Service function=call Request: execute
2022-09-09 12:08:32,906] [INFO] file=C:\Users\hendrik_gt\Anaconda3\envs\grondwater\lib\site-packages\pywps\validator\complexvalidator.py line=195 module=complexvalidator function=validatejson validating JSON; Mode: 0
2022-09-09 12:08:33,311] [INFO] file=C:\Users\hendrik_gt\Anaconda3\envs\grondwater\lib\site-packages\pywps\validator\complexvalidator.py line=195 module=complexvalidator function=validatejson validating JSON; Mode: 0
2022-09-09 12:08:33,314] [INFO] file=C:\Users\hendrik_gt\Anaconda3\envs\grondwater\lib\site-packages\pywps\app\Process.py line=327 module=Process function=clean Removing temporary working directory: D:\projecten\datamanagement\rws\GrondwaterMonitoringIJmuiden\groundwater_monitoring_wps\groundwater-monitoring-wps\tmp\pywps_process_d8ahr5cq
2022-09-09 12:09:27,085] [INFO] file=C:\Users\hendrik_gt\Anaconda3\envs\grondwater\lib\site-packages\pywps\app\Service.py line=288 module=Service function=call Request: execute
2022-09-09 12:09:27,109] [INFO] file=C:\Users\hendrik_gt\Anaconda3\envs\grondwater\lib\site-packages\pywps\validator\complexvalidator.py line=195 module=complexvalidator function=validatejson validating JSON; Mode: 0
2022-09-09 12:09:27,380] [INFO] file=C:\Users\hendrik_gt\Anaconda3\envs\grondwater\lib\site-packages\pywps\validator\complexvalidator.py line=195 module=complexvalidator function=validatejson validating JSON; Mode: 0
2022-09-09 12:09:27,384] [INFO] file=C:\Users\hendrik_gt\Anaconda3\envs\grondwater\lib\site-packages\pywps\app\Process.py line=327 module=Process function=clean Removing temporary working directory: D:\projecten\datamanagement\rws\GrondwaterMonitoringIJmuiden\groundwater_monitoring_wps\groundwater-monitoring-wps\tmp\pywps_process_rdnxdo2l
2022-09-09 12:10:29,166] [INFO] file=C:\Users\hendrik_gt\Anaconda3\envs\grondwater\lib\site-packages\pywps\app\Service.py line=288 module=Service function=call Request: execute
2022-09-09 12:10:29,199] [INFO] file=C:\Users\hendrik_gt\Anaconda3\envs\grondwater\lib\site-packages\pywps\validator\complexvalidator.py line=195 module=complexvalidator function=validatejson validating JSON; Mode: 0
2022-09-09 12:10:29,426] [INFO] file=C:\Users\hendrik_gt\Anaconda3\envs\grondwater\lib\site-packages\pywps\validator\complexvalidator.py line=195 module=complexvalidator function=validatejson validating JSON; Mode: 0
2022-09-09 12:10:29,429] [INFO] file=C:\Users\hendrik_gt\Anaconda3\envs\grondwater\lib\site-packages\pywps\app\Process.py line=327 module=Process function=clean Removing temporary working directory: D:\projecten\datamanagement\rws\GrondwaterMonitoringIJmuiden\groundwater_monitoring_wps\groundwater-monitoring-wps\tmp\pywps_process_r0rrp20s
2022-09-09 12:11:07,188] [INFO] file=C:\Users\hendrik_gt\Anaconda3\envs\grondwater\lib\site-packages\pywps\app\Service.py line=288 module=Service function=call Request: execute
2022-09-09 12:11:07,210] [INFO] file=C:\Users\hendrik_gt\Anaconda3\envs\grondwater\lib\site-packages\pywps\validator\complexvalidator.py line=195 module=complexvalidator function=validatejson validating JSON; Mode: 0
2022-09-09 12:11:07,445] [ERROR] file=C:\Users\hendrik_gt\Anaconda3\envs\grondwater\lib\site-packages\pywps\app\Process.py line=279 module=Process function=_run_process Process error: method=wps_gettimeseries.py._handler, line=76, msg=name 'json' is not defined
2022-09-09 12:11:07,448] [INFO] file=C:\Users\hendrik_gt\Anaconda3\envs\grondwater\lib\site-packages\pywps\app\Process.py line=327 module=Process function=clean Removing temporary working directory: D:\projecten\datamanagement\rws\GrondwaterMonitoringIJmuiden\groundwater_monitoring_wps\groundwater-monitoring-wps\tmp\pywps_process_xbi8a3ky
2022-09-09 12:11:44,930] [INFO] file=C:\Users\hendrik_gt\Anaconda3\envs\grondwater\lib\site-packages\pywps\app\Service.py line=288 module=Service function=call Request: execute
2022-09-09 12:11:44,960] [INFO] file=C:\Users\hendrik_gt\Anaconda3\envs\grondwater\lib\site-packages\pywps\validator\complexvalidator.py line=195 module=complexvalidator function=validatejson validating JSON; Mode: 0
2022-09-09 12:11:45,210] [INFO] file=C:\Users\hendrik_gt\Anaconda3\envs\grondwater\lib\site-packages\pywps\validator\complexvalidator.py line=195 module=complexvalidator function=validatejson validating JSON; Mode: 0
2022-09-09 12:11:45,214] [INFO] file=C:\Users\hendrik_gt\Anaconda3\envs\grondwater\lib\site-packages\pywps\app\Process.py line=327 module=Process function=clean Removing temporary working directory: D:\projecten\datamanagement\rws\GrondwaterMonitoringIJmuiden\groundwater_monitoring_wps\groundwater-monitoring-wps\tmp\pywps_process_4t9ujrka
2022-09-09 12:13:00,065] [INFO] file=C:\Users\hendrik_gt\Anaconda3\envs\grondwater\lib\site-packages\pywps\app\Service.py line=288 module=Service function=call Request: execute
2022-09-09 12:13:00,099] [INFO] file=C:\Users\hendrik_gt\Anaconda3\envs\grondwater\lib\site-packages\pywps\validator\complexvalidator.py line=195 module=complexvalidator function=validatejson validating JSON; Mode: 0
2022-09-09 12:13:00,340] [ERROR] file=C:\Users\hendrik_gt\Anaconda3\envs\grondwater\lib\site-packages\pywps\app\Process.py line=279 module=Process function=_run_process Process error: method=wps_gettimeseries.py._handler, line=77, msg='output_json'
2022-09-09 12:13:00,345] [INFO] file=C:\Users\hendrik_gt\Anaconda3\envs\grondwater\lib\site-packages\pywps\app\Process.py line=327 module=Process function=clean Removing temporary working directory: D:\projecten\datamanagement\rws\GrondwaterMonitoringIJmuiden\groundwater_monitoring_wps\groundwater-monitoring-wps\tmp\pywps_process_1keyxfb2
2022-09-09 12:14:15,893] [INFO] file=C:\Users\hendrik_gt\Anaconda3\envs\grondwater\lib\site-packages\pywps\app\Service.py line=288 module=Service function=call Request: execute
2022-09-09 12:14:15,918] [INFO] file=C:\Users\hendrik_gt\Anaconda3\envs\grondwater\lib\site-packages\pywps\validator\complexvalidator.py line=195 module=complexvalidator function=validatejson validating JSON; Mode: 0
2022-09-09 12:14:16,144] [INFO] file=C:\Users\hendrik_gt\Anaconda3\envs\grondwater\lib\site-packages\pywps\validator\complexvalidator.py line=195 module=complexvalidator function=validatejson validating JSON; Mode: 0
2022-09-09 12:14:16,147] [INFO] file=C:\Users\hendrik_gt\Anaconda3\envs\grondwater\lib\site-packages\pywps\app\Process.py line=327 module=Process function=clean Removing temporary working directory: D:\projecten\datamanagement\rws\GrondwaterMonitoringIJmuiden\groundwater_monitoring_wps\groundwater-monitoring-wps\tmp\pywps_process_hgxi_0nh
2022-09-09 12:15:02,336] [INFO] file=C:\Users\hendrik_gt\Anaconda3\envs\grondwater\lib\site-packages\pywps\app\Service.py line=288 module=Service function=call Request: describeprocess
2022-09-09 12:15:10,315] [INFO] file=C:\Users\hendrik_gt\Anaconda3\envs\grondwater\lib\site-packages\pywps\app\Service.py line=288 module=Service function=call Request: execute
2022-09-09 12:15:10,317] [INFO] file=C:\Users\hendrik_gt\Anaconda3\envs\grondwater\lib\site-packages\pywps\validator\complexvalidator.py line=195 module=complexvalidator function=validatejson validating JSON; Mode: 0
2022-09-09 12:15:10,545] [INFO] file=C:\Users\hendrik_gt\Anaconda3\envs\grondwater\lib\site-packages\pywps\validator\complexvalidator.py line=195 module=complexvalidator function=validatejson validating JSON; Mode: 0
2022-09-09 12:15:10,549] [INFO] file=C:\Users\hendrik_gt\Anaconda3\envs\grondwater\lib\site-packages\pywps\app\Process.py line=327 module=Process function=clean Removing temporary working directory: D:\projecten\datamanagement\rws\GrondwaterMonitoringIJmuiden\groundwater_monitoring_wps\groundwater-monitoring-wps\tmp\pywps_process_6z16uz2y
2022-09-09 12:15:40,439] [INFO] file=C:\Users\hendrik_gt\Anaconda3\envs\grondwater\lib\site-packages\pywps\app\Service.py line=288 module=Service function=call Request: execute
2022-09-09 12:15:40,516] [INFO] file=C:\Users\hendrik_gt\Anaconda3\envs\grondwater\lib\site-packages\pywps\validator\complexvalidator.py line=195 module=complexvalidator function=validatejson validating JSON; Mode: 0
2022-09-09 12:15:40,748] [INFO] file=C:\Users\hendrik_gt\Anaconda3\envs\grondwater\lib\site-packages\pywps\validator\complexvalidator.py line=195 module=complexvalidator function=validatejson validating JSON; Mode: 0
2022-09-09 12:15:40,752] [INFO] file=C:\Users\hendrik_gt\Anaconda3\envs\grondwater\lib\site-packages\pywps\app\Process.py line=327 module=Process function=clean Removing temporary working directory: D:\projecten\datamanagement\rws\GrondwaterMonitoringIJmuiden\groundwater_monitoring_wps\groundwater-monitoring-wps\tmp\pywps_process_8dbyizlx
2022-09-09 12:16:29,316] [INFO] file=C:\Users\hendrik_gt\Anaconda3\envs\grondwater\lib\site-packages\pywps\app\Service.py line=288 module=Service function=call Request: execute
2022-09-09 12:16:29,346] [INFO] file=C:\Users\hendrik_gt\Anaconda3\envs\grondwater\lib\site-packages\pywps\validator\complexvalidator.py line=195 module=complexvalidator function=validatejson validating JSON; Mode: 0
2022-09-09 12:16:29,572] [INFO] file=C:\Users\hendrik_gt\Anaconda3\envs\grondwater\lib\site-packages\pywps\validator\complexvalidator.py line=195 module=complexvalidator function=validatejson validating JSON; Mode: 0
2022-09-09 12:16:29,575] [INFO] file=C:\Users\hendrik_gt\Anaconda3\envs\grondwater\lib\site-packages\pywps\app\Process.py line=327 module=Process function=clean Removing temporary working directory: D:\projecten\datamanagement\rws\GrondwaterMonitoringIJmuiden\groundwater_monitoring_wps\groundwater-monitoring-wps\tmp\pywps_process_icenrb72
2022-09-13 09:36:15,738] [INFO] file=C:\Users\dees\Anaconda3\envs\groundwater\lib\site-packages\pywps\app\Service.py line=288 module=Service function=call Request: describeprocess
2022-09-13 09:36:45,974] [INFO] file=C:\Users\dees\Anaconda3\envs\groundwater\lib\site-packages\pywps\app\Service.py line=288 module=Service function=call Request: execute
2022-09-13 09:36:46,089] [ERROR] file=C:\Users\dees\Anaconda3\envs\groundwater\lib\site-packages\pywps\app\Process.py line=279 module=Process function=_run_process Process error: method=wps_read_gwslocations.py._handler, line=69, msg=name 'json' is not defined
2022-09-13 09:36:46,091] [INFO] file=C:\Users\dees\Anaconda3\envs\groundwater\lib\site-packages\pywps\app\Process.py line=327 module=Process function=clean Removing temporary working directory: C:\projecten\grondwater_monitoring\groundwater-monitoring-wps\tmp\pywps_process_xo8grrgi
2022-09-14 15:28:41,702] [INFO] file=C:\Users\dees\Anaconda3\envs\groundwater\lib\site-packages\pywps\app\Service.py line=288 module=Service function=call Request: getcapabilities
2022-09-14 15:30:28,411] [INFO] file=C:\Users\dees\Anaconda3\envs\groundwater\lib\site-packages\pywps\app\Service.py line=288 module=Service function=call Request: getcapabilities
2022-09-14 15:30:40,654] [INFO] file=C:\Users\dees\Anaconda3\envs\groundwater\lib\site-packages\pywps\app\Service.py line=288 module=Service function=call Request: describeprocess
2022-09-14 15:33:34,814] [INFO] file=C:\Users\dees\Anaconda3\envs\groundwater\lib\site-packages\pywps\app\Service.py line=288 module=Service function=call Request: describeprocess
2022-09-14 15:33:52,918] [INFO] file=C:\Users\dees\Anaconda3\envs\groundwater\lib\site-packages\pywps\app\Service.py line=288 module=Service function=call Request: execute
2022-09-14 15:33:53,087] [ERROR] file=C:\Users\dees\Anaconda3\envs\groundwater\lib\site-packages\pywps\app\Process.py line=279 module=Process function=_run_process Process error: method=wps_read_gwslocations.py._handler, line=69, msg=name 'json' is not defined
2022-09-14 15:33:53,087] [INFO] file=C:\Users\dees\Anaconda3\envs\groundwater\lib\site-packages\pywps\app\Process.py line=327 module=Process function=clean Removing temporary working directory: C:\projecten\grondwater_monitoring\groundwater-monitoring-wps\tmp\pywps_process_en5bp8hh
2022-09-15 09:45:02,194] [INFO] file=C:\Users\dees\Anaconda3\envs\groundwater\lib\site-packages\pywps\app\Service.py line=288 module=Service function=call Request: describeprocess
2022-09-15 09:45:33,416] [INFO] file=C:\Users\dees\Anaconda3\envs\groundwater\lib\site-packages\pywps\app\Service.py line=288 module=Service function=call Request: execute
2022-09-15 09:45:33,736] [ERROR] file=C:\Users\dees\Anaconda3\envs\groundwater\lib\site-packages\pywps\app\Process.py line=279 module=Process function=_run_process Process error: method=wps_read_gwslocations.py._handler, line=69, msg=name 'json' is not defined
2022-09-15 09:45:33,748] [INFO] file=C:\Users\dees\Anaconda3\envs\groundwater\lib\site-packages\pywps\app\Process.py line=327 module=Process function=clean Removing temporary working directory: C:\projecten\grondwater_monitoring\groundwater-monitoring-wps\tmp\pywps_process_6kxbz4y5
2022-09-15 09:46:32,662] [INFO] file=C:\Users\dees\Anaconda3\envs\groundwater\lib\site-packages\pywps\app\Service.py line=288 module=Service function=call Request: execute
2022-09-15 09:46:32,818] [ERROR] file=C:\Users\dees\Anaconda3\envs\groundwater\lib\site-packages\pywps\app\Process.py line=279 module=Process function=_run_process Process error: method=wps_read_gwslocations.py._handler, line=69, msg=name 'json' is not defined
2022-09-15 09:46:32,818] [INFO] file=C:\Users\dees\Anaconda3\envs\groundwater\lib\site-packages\pywps\app\Process.py line=327 module=Process function=clean Removing temporary working directory: C:\projecten\grondwater_monitoring\groundwater-monitoring-wps\tmp\pywps_process_33u8hphj
2022-09-15 11:59:41,962] [INFO] file=C:\Users\dees\Anaconda3\envs\groundwater\lib\site-packages\pywps\app\Service.py line=288 module=Service function=call Request: describeprocess
2022-09-15 11:59:52,409] [INFO] file=C:\Users\dees\Anaconda3\envs\groundwater\lib\site-packages\pywps\app\Service.py line=288 module=Service function=call Request: execute
2022-09-15 11:59:52,572] [ERROR] file=C:\Users\dees\Anaconda3\envs\groundwater\lib\site-packages\pywps\app\Process.py line=279 module=Process function=_run_process Process error: method=wps_read_gwslocations.py._handler, line=70, msg='output_json'
2022-09-15 11:59:52,578] [INFO] file=C:\Users\dees\Anaconda3\envs\groundwater\lib\site-packages\pywps\app\Process.py line=327 module=Process function=clean Removing temporary working directory: C:\projecten\grondwater_monitoring\groundwater-monitoring-wps\tmp\pywps_process_9u06_w_a
2022-09-15 15:32:14,012] [INFO] file=C:\Users\dees\Anaconda3\envs\groundwater\lib\site-packages\pywps\app\Service.py line=288 module=Service function=call Request: describeprocess
2022-09-15 15:32:24,438] [INFO] file=C:\Users\dees\Anaconda3\envs\groundwater\lib\site-packages\pywps\app\Service.py line=288 module=Service function=call Request: execute
2022-09-15 15:32:25,330] [INFO] file=C:\Users\dees\Anaconda3\envs\groundwater\lib\site-packages\pywps\validator\complexvalidator.py line=195 module=complexvalidator function=validatejson validating JSON; Mode: 0
2022-09-15 15:32:25,332] [INFO] file=C:\Users\dees\Anaconda3\envs\groundwater\lib\site-packages\pywps\app\Process.py line=327 module=Process function=clean Removing temporary working directory: C:\projecten\grondwater_monitoring\groundwater-monitoring-wps\tmp\pywps_process_wtfqjvgi
2022-09-15 15:32:54,807] [INFO] file=C:\Users\dees\Anaconda3\envs\groundwater\lib\site-packages\pywps\app\Service.py line=288 module=Service function=call Request: describeprocess
2022-09-15 15:45:04,588] [INFO] file=C:\Users\dees\Anaconda3\envs\groundwater\lib\site-packages\pywps\app\Service.py line=288 module=Service function=call Request: execute
2022-09-15 15:45:04,647] [INFO] file=C:\Users\dees\Anaconda3\envs\groundwater\lib\site-packages\pywps\validator\complexvalidator.py line=195 module=complexvalidator function=validatejson validating JSON; Mode: 0
2022-09-15 15:45:04,814] [ERROR] file=C:\Users\dees\Anaconda3\envs\groundwater\lib\site-packages\pywps\app\Process.py line=279 module=Process function=_run_process Process error: method=wps_gettimeseries.py._handler, line=77, msg='output_json'
2022-09-15 15:45:04,825] [INFO] file=C:\Users\dees\Anaconda3\envs\groundwater\lib\site-packages\pywps\app\Process.py line=327 module=Process function=clean Removing temporary working directory: C:\projecten\grondwater_monitoring\groundwater-monitoring-wps\tmp\pywps_process_xg8syvjf
2022-09-15 15:46:01,278] [INFO] file=C:\Users\dees\Anaconda3\envs\groundwater\lib\site-packages\pywps\app\Service.py line=288 module=Service function=call Request: execute
2022-09-15 15:46:01,280] [INFO] file=C:\Users\dees\Anaconda3\envs\groundwater\lib\site-packages\pywps\validator\complexvalidator.py line=195 module=complexvalidator function=validatejson validating JSON; Mode: 0
2022-09-15 15:46:01,431] [ERROR] file=C:\Users\dees\Anaconda3\envs\groundwater\lib\site-packages\pywps\app\Process.py line=279 module=Process function=_run_process Process error: method=wps_gettimeseries.py._handler, line=77, msg='output_json'
2022-09-15 15:46:01,438] [INFO] file=C:\Users\dees\Anaconda3\envs\groundwater\lib\site-packages\pywps\app\Process.py line=327 module=Process function=clean Removing temporary working directory: C:\projecten\grondwater_monitoring\groundwater-monitoring-wps\tmp\pywps_process_x41x02uw
2022-09-15 15:46:14,697] [INFO] file=C:\Users\dees\Anaconda3\envs\groundwater\lib\site-packages\pywps\app\Service.py line=288 module=Service function=call Request: execute
2022-09-15 15:46:14,747] [INFO] file=C:\Users\dees\Anaconda3\envs\groundwater\lib\site-packages\pywps\validator\complexvalidator.py line=195 module=complexvalidator function=validatejson validating JSON; Mode: 0
2022-09-15 15:46:15,251] [ERROR] file=C:\Users\dees\Anaconda3\envs\groundwater\lib\site-packages\pywps\app\Process.py line=279 module=Process function=_run_process Process error: method=wps_gettimeseries.py._handler, line=77, msg='output_json'
2022-09-15 15:46:15,260] [INFO] file=C:\Users\dees\Anaconda3\envs\groundwater\lib\site-packages\pywps\app\Process.py line=327 module=Process function=clean Removing temporary working directory: C:\projecten\grondwater_monitoring\groundwater-monitoring-wps\tmp\pywps_process_la_jh7yx
2022-09-15 15:46:59,856] [INFO] file=C:\Users\dees\Anaconda3\envs\groundwater\lib\site-packages\pywps\app\Service.py line=288 module=Service function=call Request: execute
2022-09-15 15:46:59,920] [INFO] file=C:\Users\dees\Anaconda3\envs\groundwater\lib\site-packages\pywps\validator\complexvalidator.py line=195 module=complexvalidator function=validatejson validating JSON; Mode: 0
2022-09-15 15:47:00,549] [ERROR] file=C:\Users\dees\Anaconda3\envs\groundwater\lib\site-packages\pywps\app\Process.py line=279 module=Process function=_run_process Process error: method=wps_gettimeseries.py._handler, line=77, msg='output_json'
2022-09-15 15:47:00,558] [INFO] file=C:\Users\dees\Anaconda3\envs\groundwater\lib\site-packages\pywps\app\Process.py line=327 module=Process function=clean Removing temporary working directory: C:\projecten\grondwater_monitoring\groundwater-monitoring-wps\tmp\pywps_process_pwh0ru4b
2022-09-15 15:47:42,648] [INFO] file=C:\Users\dees\Anaconda3\envs\groundwater\lib\site-packages\pywps\app\Service.py line=288 module=Service function=call Request: execute
2022-09-15 15:47:42,699] [INFO] file=C:\Users\dees\Anaconda3\envs\groundwater\lib\site-packages\pywps\validator\complexvalidator.py line=195 module=complexvalidator function=validatejson validating JSON; Mode: 0
2022-09-15 15:47:43,365] [ERROR] file=C:\Users\dees\Anaconda3\envs\groundwater\lib\site-packages\pywps\app\Process.py line=279 module=Process function=_run_process Process error: method=wps_gettimeseries.py._handler, line=77, msg='output_json'
2022-09-15 15:47:43,372] [INFO] file=C:\Users\dees\Anaconda3\envs\groundwater\lib\site-packages\pywps\app\Process.py line=327 module=Process function=clean Removing temporary working directory: C:\projecten\grondwater_monitoring\groundwater-monitoring-wps\tmp\pywps_process_hefoaytp
2022-09-15 15:53:16,658] [INFO] file=C:\Users\dees\Anaconda3\envs\groundwater\lib\site-packages\pywps\app\Service.py line=288 module=Service function=call Request: execute
2022-09-15 15:53:16,759] [INFO] file=C:\Users\dees\Anaconda3\envs\groundwater\lib\site-packages\pywps\validator\complexvalidator.py line=195 module=complexvalidator function=validatejson validating JSON; Mode: 0
2022-09-15 15:53:17,350] [ERROR] file=C:\Users\dees\Anaconda3\envs\groundwater\lib\site-packages\pywps\app\Process.py line=279 module=Process function=_run_process Process error: method=wps_gettimeseries.py._handler, line=77, msg='output_json'
2022-09-15 15:53:17,365] [INFO] file=C:\Users\dees\Anaconda3\envs\groundwater\lib\site-packages\pywps\app\Process.py line=327 module=Process function=clean Removing temporary working directory: C:\projecten\grondwater_monitoring\groundwater-monitoring-wps\tmp\pywps_process_j76xf2v6
2022-09-15 16:03:56,946] [INFO] file=C:\Users\dees\Anaconda3\envs\groundwater\lib\site-packages\pywps\app\Service.py line=288 module=Service function=call Request: execute
2022-09-15 16:03:57,012] [INFO] file=C:\Users\dees\Anaconda3\envs\groundwater\lib\site-packages\pywps\validator\complexvalidator.py line=195 module=complexvalidator function=validatejson validating JSON; Mode: 0
2022-09-15 16:03:57,478] [ERROR] file=C:\Users\dees\Anaconda3\envs\groundwater\lib\site-packages\pywps\app\Process.py line=279 module=Process function=_run_process Process error: method=wps_gettimeseries.py._handler, line=77, msg='output_json'
2022-09-15 16:03:57,488] [INFO] file=C:\Users\dees\Anaconda3\envs\groundwater\lib\site-packages\pywps\app\Process.py line=327 module=Process function=clean Removing temporary working directory: C:\projecten\grondwater_monitoring\groundwater-monitoring-wps\tmp\pywps_process_gi3m5zq7
2022-09-15 16:04:22,334] [INFO] file=C:\Users\dees\Anaconda3\envs\groundwater\lib\site-packages\pywps\app\Service.py line=288 module=Service function=call Request: execute
2022-09-15 16:04:22,430] [INFO] file=C:\Users\dees\Anaconda3\envs\groundwater\lib\site-packages\pywps\validator\complexvalidator.py line=195 module=complexvalidator function=validatejson validating JSON; Mode: 0
2022-09-15 16:04:22,833] [ERROR] file=C:\Users\dees\Anaconda3\envs\groundwater\lib\site-packages\pywps\app\Process.py line=279 module=Process function=_run_process Process error: method=wps_gettimeseries.py._handler, line=77, msg='output_json'
2022-09-15 16:04:22,843] [INFO] file=C:\Users\dees\Anaconda3\envs\groundwater\lib\site-packages\pywps\app\Process.py line=327 module=Process function=clean Removing temporary working directory: C:\projecten\grondwater_monitoring\groundwater-monitoring-wps\tmp\pywps_process_u6hayzdr
2022-09-15 16:11:49,859] [INFO] file=C:\Users\dees\Anaconda3\envs\groundwater\lib\site-packages\pywps\app\Service.py line=288 module=Service function=call Request: execute
2022-09-15 16:11:49,911] [INFO] file=C:\Users\dees\Anaconda3\envs\groundwater\lib\site-packages\pywps\validator\complexvalidator.py line=195 module=complexvalidator function=validatejson validating JSON; Mode: 0
2022-09-15 16:11:50,338] [ERROR] file=C:\Users\dees\Anaconda3\envs\groundwater\lib\site-packages\pywps\app\Process.py line=279 module=Process function=_run_process Process error: method=wps_gettimeseries.py._handler, line=77, msg='output_json'
2022-09-15 16:11:50,345] [INFO] file=C:\Users\dees\Anaconda3\envs\groundwater\lib\site-packages\pywps\app\Process.py line=327 module=Process function=clean Removing temporary working directory: C:\projecten\grondwater_monitoring\groundwater-monitoring-wps\tmp\pywps_process_50jpya9_
2022-09-15 16:13:17,157] [INFO] file=C:\Users\dees\Anaconda3\envs\groundwater\lib\site-packages\pywps\app\Service.py line=288 module=Service function=call Request: execute
2022-09-15 16:13:17,210] [INFO] file=C:\Users\dees\Anaconda3\envs\groundwater\lib\site-packages\pywps\validator\complexvalidator.py line=195 module=complexvalidator function=validatejson validating JSON; Mode: 0
2022-09-15 16:13:17,556] [ERROR] file=C:\Users\dees\Anaconda3\envs\groundwater\lib\site-packages\pywps\app\Process.py line=279 module=Process function=_run_process Process error: method=wps_gettimeseries.py._handler, line=77, msg='output_json'
2022-09-15 16:13:17,561] [INFO] file=C:\Users\dees\Anaconda3\envs\groundwater\lib\site-packages\pywps\app\Process.py line=327 module=Process function=clean Removing temporary working directory: C:\projecten\grondwater_monitoring\groundwater-monitoring-wps\tmp\pywps_process_cyi_v_7w
2022-09-15 16:15:03,923] [INFO] file=C:\Users\dees\Anaconda3\envs\groundwater\lib\site-packages\pywps\app\Service.py line=288 module=Service function=call Request: execute
2022-09-15 16:15:03,965] [INFO] file=C:\Users\dees\Anaconda3\envs\groundwater\lib\site-packages\pywps\validator\complexvalidator.py line=195 module=complexvalidator function=validatejson validating JSON; Mode: 0
2022-09-15 16:15:04,328] [ERROR] file=C:\Users\dees\Anaconda3\envs\groundwater\lib\site-packages\pywps\app\Process.py line=279 module=Process function=_run_process Process error: method=wps_gettimeseries.py._handler, line=77, msg='output_json'
2022-09-15 16:15:04,341] [INFO] file=C:\Users\dees\Anaconda3\envs\groundwater\lib\site-packages\pywps\app\Process.py line=327 module=Process function=clean Removing temporary working directory: C:\projecten\grondwater_monitoring\groundwater-monitoring-wps\tmp\pywps_process_qltu5tm6
2022-09-15 16:16:43,544] [INFO] file=C:\Users\dees\Anaconda3\envs\groundwater\lib\site-packages\pywps\app\Service.py line=288 module=Service function=call Request: execute
2022-09-15 16:16:43,649] [INFO] file=C:\Users\dees\Anaconda3\envs\groundwater\lib\site-packages\pywps\validator\complexvalidator.py line=195 module=complexvalidator function=validatejson validating JSON; Mode: 0
2022-09-15 16:16:44,109] [ERROR] file=C:\Users\dees\Anaconda3\envs\groundwater\lib\site-packages\pywps\app\Process.py line=279 module=Process function=_run_process Process error: method=wps_gettimeseries.py._handler, line=77, msg='output_json'
2022-09-15 16:16:44,117] [INFO] file=C:\Users\dees\Anaconda3\envs\groundwater\lib\site-packages\pywps\app\Process.py line=327 module=Process function=clean Removing temporary working directory: C:\projecten\grondwater_monitoring\groundwater-monitoring-wps\tmp\pywps_process_uzmk48lt
2022-09-15 16:18:13,786] [INFO] file=C:\Users\dees\Anaconda3\envs\groundwater\lib\site-packages\pywps\app\Service.py line=288 module=Service function=call Request: execute
2022-09-15 16:18:13,862] [INFO] file=C:\Users\dees\Anaconda3\envs\groundwater\lib\site-packages\pywps\validator\complexvalidator.py line=195 module=complexvalidator function=validatejson validating JSON; Mode: 0
2022-09-15 16:18:14,336] [ERROR] file=C:\Users\dees\Anaconda3\envs\groundwater\lib\site-packages\pywps\app\Process.py line=279 module=Process function=_run_process Process error: method=wps_gettimeseries.py._handler, line=77, msg='output_json'
2022-09-15 16:18:14,345] [INFO] file=C:\Users\dees\Anaconda3\envs\groundwater\lib\site-packages\pywps\app\Process.py line=327 module=Process function=clean Removing temporary working directory: C:\projecten\grondwater_monitoring\groundwater-monitoring-wps\tmp\pywps_process__29z0qad
2022-09-15 16:19:50,222] [INFO] file=C:\Users\dees\Anaconda3\envs\groundwater\lib\site-packages\pywps\app\Service.py line=288 module=Service function=call Request: execute
2022-09-15 16:19:50,260] [INFO] file=C:\Users\dees\Anaconda3\envs\groundwater\lib\site-packages\pywps\validator\complexvalidator.py line=195 module=complexvalidator function=validatejson validating JSON; Mode: 0
2022-09-15 16:19:50,808] [ERROR] file=C:\Users\dees\Anaconda3\envs\groundwater\lib\site-packages\pywps\app\Process.py line=279 module=Process function=_run_process Process error: method=wps_gettimeseries.py._handler, line=77, msg='output_json'
2022-09-15 16:19:50,814] [INFO] file=C:\Users\dees\Anaconda3\envs\groundwater\lib\site-packages\pywps\app\Process.py line=327 module=Process function=clean Removing temporary working directory: C:\projecten\grondwater_monitoring\groundwater-monitoring-wps\tmp\pywps_process_17c6diob
2022-09-15 16:20:33,838] [INFO] file=C:\Users\dees\Anaconda3\envs\groundwater\lib\site-packages\pywps\app\Service.py line=288 module=Service function=call Request: execute
2022-09-15 16:20:33,936] [INFO] file=C:\Users\dees\Anaconda3\envs\groundwater\lib\site-packages\pywps\validator\complexvalidator.py line=195 module=complexvalidator function=validatejson validating JSON; Mode: 0
2022-09-15 16:20:34,804] [ERROR] file=C:\Users\dees\Anaconda3\envs\groundwater\lib\site-packages\pywps\app\Process.py line=279 module=Process function=_run_process Process error: method=wps_gettimeseries.py._handler, line=77, msg='output_json'
2022-09-15 16:20:34,811] [INFO] file=C:\Users\dees\Anaconda3\envs\groundwater\lib\site-packages\pywps\app\Process.py line=327 module=Process function=clean Removing temporary working directory: C:\projecten\grondwater_monitoring\groundwater-monitoring-wps\tmp\pywps_process_jf9cfllt
2022-09-15 16:21:40,717] [INFO] file=C:\Users\dees\Anaconda3\envs\groundwater\lib\site-packages\pywps\app\Service.py line=288 module=Service function=call Request: execute
2022-09-15 16:21:40,825] [INFO] file=C:\Users\dees\Anaconda3\envs\groundwater\lib\site-packages\pywps\validator\complexvalidator.py line=195 module=complexvalidator function=validatejson validating JSON; Mode: 0
2022-09-15 16:21:41,580] [INFO] file=C:\Users\dees\Anaconda3\envs\groundwater\lib\site-packages\pywps\validator\complexvalidator.py line=195 module=complexvalidator function=validatejson validating JSON; Mode: 0
2022-09-15 16:21:41,661] [INFO] file=C:\Users\dees\Anaconda3\envs\groundwater\lib\site-packages\pywps\app\Process.py line=327 module=Process function=clean Removing temporary working directory: C:\projecten\grondwater_monitoring\groundwater-monitoring-wps\tmp\pywps_process_bv9kbgw9
2022-09-15 16:22:26,285] [INFO] file=C:\Users\dees\Anaconda3\envs\groundwater\lib\site-packages\pywps\app\Service.py line=288 module=Service function=call Request: execute
2022-09-15 16:22:26,370] [INFO] file=C:\Users\dees\Anaconda3\envs\groundwater\lib\site-packages\pywps\validator\complexvalidator.py line=195 module=complexvalidator function=validatejson validating JSON; Mode: 0
2022-09-15 16:22:26,871] [INFO] file=C:\Users\dees\Anaconda3\envs\groundwater\lib\site-packages\pywps\validator\complexvalidator.py line=195 module=complexvalidator function=validatejson validating JSON; Mode: 0
2022-09-15 16:22:26,936] [INFO] file=C:\Users\dees\Anaconda3\envs\groundwater\lib\site-packages\pywps\app\Process.py line=327 module=Process function=clean Removing temporary working directory: C:\projecten\grondwater_monitoring\groundwater-monitoring-wps\tmp\pywps_process_v5b9ycn2
2022-11-18 16:05:06,272] [INFO] file=C:\Users\micha\Miniconda3\envs\groundwater-wps\lib\site-packages\pywps\app\Service.py line=288 module=Service function=call Request: execute
2022-11-18 16:05:06,539] [ERROR] file=C:\Users\micha\Miniconda3\envs\groundwater-wps\lib\site-packages\pywps\app\Process.py line=279 module=Process function=_run_process Process error: method=wps_read_gwslocations.py._handler, line=71, msg='output_json'
2022-11-18 16:05:06,541] [INFO] file=C:\Users\micha\Miniconda3\envs\groundwater-wps\lib\site-packages\pywps\app\Process.py line=327 module=Process function=clean Removing temporary working directory: D:\viewers\groundwater-monitoring-wps\tmp\pywps_process_snyldslu
2022-11-18 16:05:42,941] [INFO] file=C:\Users\micha\Miniconda3\envs\groundwater-wps\lib\site-packages\pywps\app\Service.py line=288 module=Service function=call Request: execute
2022-11-18 16:05:43,043] [ERROR] file=C:\Users\micha\Miniconda3\envs\groundwater-wps\lib\site-packages\pywps\app\Process.py line=279 module=Process function=_run_process Process error: method=wps_read_gwslocations.py._handler, line=71, msg='output_json'
2022-11-18 16:05:43,046] [INFO] file=C:\Users\micha\Miniconda3\envs\groundwater-wps\lib\site-packages\pywps\app\Process.py line=327 module=Process function=clean Removing temporary working directory: D:\viewers\groundwater-monitoring-wps\tmp\pywps_process_ru5sesac
2022-11-18 16:07:06,336] [INFO] file=C:\Users\micha\Miniconda3\envs\groundwater-wps\lib\site-packages\pywps\app\Service.py line=288 module=Service function=call Request: execute
2022-11-18 16:07:06,432] [ERROR] file=C:\Users\micha\Miniconda3\envs\groundwater-wps\lib\site-packages\pywps\app\Process.py line=279 module=Process function=_run_process Process error: method=wps_read_gwslocations.py._handler, line=71, msg='output_json'
2022-11-18 16:07:06,435] [INFO] file=C:\Users\micha\Miniconda3\envs\groundwater-wps\lib\site-packages\pywps\app\Process.py line=327 module=Process function=clean Removing temporary working directory: D:\viewers\groundwater-monitoring-wps\tmp\pywps_process_4sfh2te7
2022-11-18 16:09:25,168] [INFO] file=C:\Users\micha\Miniconda3\envs\groundwater-wps\lib\site-packages\pywps\app\Service.py line=288 module=Service function=call Request: execute
2022-11-18 16:09:27,083] [ERROR] file=C:\Users\micha\Miniconda3\envs\groundwater-wps\lib\site-packages\pywps\app\Process.py line=279 module=Process function=_run_process Process error: method=wps_read_gwslocations.py._handler, line=71, msg='output_json'
2022-11-18 16:09:27,087] [INFO] file=C:\Users\micha\Miniconda3\envs\groundwater-wps\lib\site-packages\pywps\app\Process.py line=327 module=Process function=clean Removing temporary working directory: D:\viewers\groundwater-monitoring-wps\tmp\pywps_process_lppwi6mz
2022-11-18 16:10:14,254] [INFO] file=C:\Users\micha\Miniconda3\envs\groundwater-wps\lib\site-packages\pywps\app\Service.py line=288 module=Service function=call Request: execute
2022-11-18 16:10:14,463] [ERROR] file=C:\Users\micha\Miniconda3\envs\groundwater-wps\lib\site-packages\pywps\app\Process.py line=279 module=Process function=_run_process Process error: method=wps_read_gwslocations.py._handler, line=71, msg='output_json'
2022-11-18 16:10:14,465] [INFO] file=C:\Users\micha\Miniconda3\envs\groundwater-wps\lib\site-packages\pywps\app\Process.py line=327 module=Process function=clean Removing temporary working directory: D:\viewers\groundwater-monitoring-wps\tmp\pywps_process_z9r29jst
2022-11-18 16:10:38,990] [INFO] file=C:\Users\micha\Miniconda3\envs\groundwater-wps\lib\site-packages\pywps\app\Service.py line=288 module=Service function=call Request: execute
2022-11-18 16:10:41,161] [ERROR] file=C:\Users\micha\Miniconda3\envs\groundwater-wps\lib\site-packages\pywps\app\Process.py line=279 module=Process function=_run_process Process error: method=wps_read_gwslocations.py._handler, line=71, msg='output_json'
2022-11-18 16:10:41,166] [INFO] file=C:\Users\micha\Miniconda3\envs\groundwater-wps\lib\site-packages\pywps\app\Process.py line=327 module=Process function=clean Removing temporary working directory: D:\viewers\groundwater-monitoring-wps\tmp\pywps_process_wiase1dj
2022-11-18 16:11:12,222] [INFO] file=C:\Users\micha\Miniconda3\envs\groundwater-wps\lib\site-packages\pywps\app\Service.py line=288 module=Service function=call Request: execute
2022-11-18 16:11:14,526] [ERROR] file=C:\Users\micha\Miniconda3\envs\groundwater-wps\lib\site-packages\pywps\app\Process.py line=279 module=Process function=_run_process Process error: method=wps_read_gwslocations.py._handler, line=71, msg='output_json'
2022-11-18 16:11:14,530] [INFO] file=C:\Users\micha\Miniconda3\envs\groundwater-wps\lib\site-packages\pywps\app\Process.py line=327 module=Process function=clean Removing temporary working directory: D:\viewers\groundwater-monitoring-wps\tmp\pywps_process_l9esfjxo
2022-11-18 16:12:10,559] [INFO] file=C:\Users\micha\Miniconda3\envs\groundwater-wps\lib\site-packages\pywps\app\Service.py line=288 module=Service function=call Request: execute
2022-11-18 16:12:12,646] [INFO] file=C:\Users\micha\Miniconda3\envs\groundwater-wps\lib\site-packages\pywps\validator\complexvalidator.py line=195 module=complexvalidator function=validatejson validating JSON; Mode: 0
2022-11-18 16:12:12,650] [INFO] file=C:\Users\micha\Miniconda3\envs\groundwater-wps\lib\site-packages\pywps\app\Process.py line=327 module=Process function=clean Removing temporary working directory: D:\viewers\groundwater-monitoring-wps\tmp\pywps_process_aldg83vo
2022-11-18 16:12:33,500] [INFO] file=C:\Users\micha\Miniconda3\envs\groundwater-wps\lib\site-packages\pywps\app\Service.py line=288 module=Service function=call Request: execute
2022-11-18 16:12:35,522] [INFO] file=C:\Users\micha\Miniconda3\envs\groundwater-wps\lib\site-packages\pywps\validator\complexvalidator.py line=195 module=complexvalidator function=validatejson validating JSON; Mode: 0
2022-11-18 16:12:35,525] [INFO] file=C:\Users\micha\Miniconda3\envs\groundwater-wps\lib\site-packages\pywps\app\Process.py line=327 module=Process function=clean Removing temporary working directory: D:\viewers\groundwater-monitoring-wps\tmp\pywps_process_7j_yjxha
2022-11-18 16:33:38,339] [INFO] file=C:\Users\micha\Miniconda3\envs\groundwater-wps\lib\site-packages\pywps\app\Service.py line=288 module=Service function=call Request: execute
2022-11-18 16:33:38,478] [ERROR] file=C:\Users\micha\Miniconda3\envs\groundwater-wps\lib\site-packages\pywps\app\Process.py line=279 module=Process function=_run_process Process error: method=wps_read_gwslocations.py._handler, line=71, msg='output_json'
2022-11-18 16:33:38,481] [INFO] file=C:\Users\micha\Miniconda3\envs\groundwater-wps\lib\site-packages\pywps\app\Process.py line=327 module=Process function=clean Removing temporary working directory: D:\viewers\groundwater-monitoring-wps\tmp\pywps_process_goe8xl20
2022-11-18 16:35:15,355] [INFO] file=C:\Users\micha\Miniconda3\envs\groundwater-wps\lib\site-packages\pywps\app\Service.py line=288 module=Service function=call Request: execute
2022-11-18 16:35:15,717] [INFO] file=C:\Users\micha\Miniconda3\envs\groundwater-wps\lib\site-packages\pywps\validator\complexvalidator.py line=195 module=complexvalidator function=validatejson validating JSON; Mode: 0
2022-11-18 16:35:15,724] [INFO] file=C:\Users\micha\Miniconda3\envs\groundwater-wps\lib\site-packages\pywps\app\Process.py line=327 module=Process function=clean Removing temporary working directory: D:\viewers\groundwater-monitoring-wps\tmp\pywps_process_opwjoyom
2022-11-18 16:35:33,055] [INFO] file=C:\Users\micha\Miniconda3\envs\groundwater-wps\lib\site-packages\pywps\app\Service.py line=288 module=Service function=call Request: execute
2022-11-18 16:35:33,315] [INFO] file=C:\Users\micha\Miniconda3\envs\groundwater-wps\lib\site-packages\pywps\validator\complexvalidator.py line=195 module=complexvalidator function=validatejson validating JSON; Mode: 0
2022-11-18 16:35:33,319] [INFO] file=C:\Users\micha\Miniconda3\envs\groundwater-wps\lib\site-packages\pywps\app\Process.py line=327 module=Process function=clean Removing temporary working directory: D:\viewers\groundwater-monitoring-wps\tmp\pywps_process_4ywr2gvw
2022-11-18 16:36:08,728] [INFO] file=C:\Users\micha\Miniconda3\envs\groundwater-wps\lib\site-packages\pywps\app\Service.py line=288 module=Service function=call Request: execute
2022-11-18 16:36:08,966] [INFO] file=C:\Users\micha\Miniconda3\envs\groundwater-wps\lib\site-packages\pywps\validator\complexvalidator.py line=195 module=complexvalidator function=validatejson validating JSON; Mode: 0
2022-11-18 16:36:08,966] [INFO] file=C:\Users\micha\Miniconda3\envs\groundwater-wps\lib\site-packages\pywps\app\Process.py line=327 module=Process function=clean Removing temporary working directory: D:\viewers\groundwater-monitoring-wps\tmp\pywps_process_wxogxlab
2022-11-18 16:37:31,796] [INFO] file=C:\Users\micha\Miniconda3\envs\groundwater-wps\lib\site-packages\pywps\app\Service.py line=288 module=Service function=call Request: execute
2022-11-18 16:37:32,114] [INFO] file=C:\Users\micha\Miniconda3\envs\groundwater-wps\lib\site-packages\pywps\validator\complexvalidator.py line=195 module=complexvalidator function=validatejson validating JSON; Mode: 0
2022-11-18 16:37:32,119] [INFO] file=C:\Users\micha\Miniconda3\envs\groundwater-wps\lib\site-packages\pywps\app\Process.py line=327 module=Process function=clean Removing temporary working directory: D:\viewers\groundwater-monitoring-wps\tmp\pywps_process_jvj2fovg
2022-11-18 16:37:56,198] [INFO] file=C:\Users\micha\Miniconda3\envs\groundwater-wps\lib\site-packages\pywps\app\Service.py line=288 module=Service function=call Request: execute
2022-11-18 16:37:56,495] [INFO] file=C:\Users\micha\Miniconda3\envs\groundwater-wps\lib\site-packages\pywps\validator\complexvalidator.py line=195 module=complexvalidator function=validatejson validating JSON; Mode: 0
2022-11-18 16:37:56,499] [INFO] file=C:\Users\micha\Miniconda3\envs\groundwater-wps\lib\site-packages\pywps\app\Process.py line=327 module=Process function=clean Removing temporary working directory: D:\viewers\groundwater-monitoring-wps\tmp\pywps_process_8ypd65nn
2023-03-31 11:31:06,220] [INFO] file=C:\Users\hendrik_gt\Anaconda3\envs\grondwater\lib\site-packages\pywps\app\Service.py line=288 module=Service function=call Request: execute
2023-03-31 11:31:07,155] [ERROR] file=C:\Users\hendrik_gt\Anaconda3\envs\grondwater\lib\site-packages\pywps\app\Process.py line=279 module=Process function=_run_process Process error: method=nobv_wps_read_locations.py._handler, line=71, msg='output_json'
2023-03-31 11:31:07,161] [INFO] file=C:\Users\hendrik_gt\Anaconda3\envs\grondwater\lib\site-packages\pywps\app\Process.py line=327 module=Process function=clean Removing temporary working directory: D:\projecten\datamanagement\rws\GrondwaterMonitoringIJmuiden\groundwater_monitoring_wps\groundwater-monitoring-wps\tmp\pywps_process_zce0ysil
2023-03-31 11:32:56,711] [INFO] file=C:\Users\hendrik_gt\Anaconda3\envs\grondwater\lib\site-packages\pywps\app\Service.py line=288 module=Service function=call Request: execute
2023-03-31 11:32:56,847] [ERROR] file=C:\Users\hendrik_gt\Anaconda3\envs\grondwater\lib\site-packages\pywps\app\Process.py line=279 module=Process function=_run_process Process error: method=nobv_wps_read_locations.py._handler, line=71, msg='output_json'
2023-03-31 11:32:56,854] [INFO] file=C:\Users\hendrik_gt\Anaconda3\envs\grondwater\lib\site-packages\pywps\app\Process.py line=327 module=Process function=clean Removing temporary working directory: D:\projecten\datamanagement\rws\GrondwaterMonitoringIJmuiden\groundwater_monitoring_wps\groundwater-monitoring-wps\tmp\pywps_process_vduceztg
2023-03-31 11:34:55,094] [INFO] file=C:\Users\hendrik_gt\Anaconda3\envs\grondwater\lib\site-packages\pywps\app\Service.py line=288 module=Service function=call Request: execute
2023-03-31 11:34:56,426] [ERROR] file=C:\Users\hendrik_gt\Anaconda3\envs\grondwater\lib\site-packages\pywps\app\Process.py line=279 module=Process function=_run_process Process error: method=nobv_wps_read_locations.py._handler, line=71, msg='output_json'
2023-03-31 11:34:56,429] [INFO] file=C:\Users\hendrik_gt\Anaconda3\envs\grondwater\lib\site-packages\pywps\app\Process.py line=327 module=Process function=clean Removing temporary working directory: D:\projecten\datamanagement\rws\GrondwaterMonitoringIJmuiden\groundwater_monitoring_wps\groundwater-monitoring-wps\tmp\pywps_process_sxi6j4dt
2023-03-31 11:36:01,292] [INFO] file=C:\Users\hendrik_gt\Anaconda3\envs\grondwater\lib\site-packages\pywps\app\Service.py line=288 module=Service function=call Request: execute
2023-03-31 11:36:02,301] [ERROR] file=C:\Users\hendrik_gt\Anaconda3\envs\grondwater\lib\site-packages\pywps\app\Process.py line=279 module=Process function=_run_process Process error: method=nobv_wps_read_locations.py._handler, line=71, msg='output_json'
2023-03-31 11:36:02,308] [INFO] file=C:\Users\hendrik_gt\Anaconda3\envs\grondwater\lib\site-packages\pywps\app\Process.py line=327 module=Process function=clean Removing temporary working directory: D:\projecten\datamanagement\rws\GrondwaterMonitoringIJmuiden\groundwater_monitoring_wps\groundwater-monitoring-wps\tmp\pywps_process_oteuf1cz
2023-03-31 11:37:41,142] [INFO] file=C:\Users\hendrik_gt\Anaconda3\envs\grondwater\lib\site-packages\pywps\app\Service.py line=288 module=Service function=call Request: execute
2023-03-31 11:37:42,146] [ERROR] file=C:\Users\hendrik_gt\Anaconda3\envs\grondwater\lib\site-packages\pywps\app\Process.py line=279 module=Process function=_run_process Process error: method=nobv_wps_read_locations.py._handler, line=71, msg='output_json'
2023-03-31 11:37:42,460] [INFO] file=C:\Users\hendrik_gt\Anaconda3\envs\grondwater\lib\site-packages\pywps\app\Process.py line=327 module=Process function=clean Removing temporary working directory: D:\projecten\datamanagement\rws\GrondwaterMonitoringIJmuiden\groundwater_monitoring_wps\groundwater-monitoring-wps\tmp\pywps_process_75gy4asb
2023-03-31 11:40:27,556] [INFO] file=C:\Users\hendrik_gt\Anaconda3\envs\grondwater\lib\site-packages\pywps\app\Service.py line=288 module=Service function=call Request: execute
2023-03-31 11:40:27,909] [INFO] file=C:\Users\hendrik_gt\Anaconda3\envs\grondwater\lib\site-packages\pywps\validator\complexvalidator.py line=195 module=complexvalidator function=validatejson validating JSON; Mode: 0
2023-03-31 11:40:27,920] [INFO] file=C:\Users\hendrik_gt\Anaconda3\envs\grondwater\lib\site-packages\pywps\app\Process.py line=327 module=Process function=clean Removing temporary working directory: D:\projecten\datamanagement\rws\GrondwaterMonitoringIJmuiden\groundwater_monitoring_wps\groundwater-monitoring-wps\tmp\pywps_process_lra5qp8w
2023-03-31 11:52:51,691] [INFO] file=C:\Users\hendrik_gt\Anaconda3\envs\grondwater\lib\site-packages\pywps\app\Service.py line=288 module=Service function=call Request: execute
2023-03-31 11:52:52,290] [INFO] file=C:\Users\hendrik_gt\Anaconda3\envs\grondwater\lib\site-packages\pywps\validator\complexvalidator.py line=195 module=complexvalidator function=validatejson validating JSON; Mode: 0
2023-03-31 11:52:52,295] [INFO] file=C:\Users\hendrik_gt\Anaconda3\envs\grondwater\lib\site-packages\pywps\app\Process.py line=327 module=Process function=clean Removing temporary working directory: D:\projecten\datamanagement\rws\GrondwaterMonitoringIJmuiden\groundwater_monitoring_wps\groundwater-monitoring-wps\tmp\pywps_process_qd917r2i
2023-03-31 12:11:41,031] [INFO] file=C:\Users\hendrik_gt\Anaconda3\envs\grondwater\lib\site-packages\pywps\app\Service.py line=288 module=Service function=call Request: execute
2023-03-31 12:11:46,132] [INFO] file=C:\Users\hendrik_gt\Anaconda3\envs\grondwater\lib\site-packages\pywps\validator\complexvalidator.py line=195 module=complexvalidator function=validatejson validating JSON; Mode: 0
2023-03-31 12:11:46,136] [INFO] file=C:\Users\hendrik_gt\Anaconda3\envs\grondwater\lib\site-packages\pywps\app\Process.py line=327 module=Process function=clean Removing temporary working directory: D:\projecten\datamanagement\rws\GrondwaterMonitoringIJmuiden\groundwater_monitoring_wps\groundwater-monitoring-wps\tmp\pywps_process___uyi9sc
2023-03-31 12:37:20,052] [INFO] file=C:\Users\hendrik_gt\Anaconda3\envs\grondwater\lib\site-packages\pywps\app\Service.py line=288 module=Service function=call Request: execute
2023-03-31 12:37:20,125] [ERROR] file=C:\Users\hendrik_gt\Anaconda3\envs\grondwater\lib\site-packages\pywps\exceptions.py line=48 module=exceptions function=__init__ Exception: code: 400, description: Unknown process 'wps_nobv_gettimeseries', locator: Identifier
Traceback (most recent call last):
  File "C:\Users\hendrik_gt\Anaconda3\envs\grondwater\lib\site-packages\pywps\app\Service.py", line 88, in prepare_process_for_execution
    process = self.processes[identifier]
KeyError: 'wps_nobv_gettimeseries'
2023-03-31 12:37:42,164] [INFO] file=C:\Users\hendrik_gt\Anaconda3\envs\grondwater\lib\site-packages\pywps\app\Service.py line=288 module=Service function=call Request: execute
2023-03-31 12:37:42,220] [ERROR] file=C:\Users\hendrik_gt\Anaconda3\envs\grondwater\lib\site-packages\pywps\exceptions.py line=48 module=exceptions function=__init__ Exception: code: 400, description: Unknown process 'wps_nobv_gettimeseries', locator: Identifier
Traceback (most recent call last):
  File "C:\Users\hendrik_gt\Anaconda3\envs\grondwater\lib\site-packages\pywps\app\Service.py", line 88, in prepare_process_for_execution
    process = self.processes[identifier]
KeyError: 'wps_nobv_gettimeseries'
2023-03-31 12:38:18,250] [INFO] file=C:\Users\hendrik_gt\Anaconda3\envs\grondwater\lib\site-packages\pywps\app\Service.py line=288 module=Service function=call Request: execute
2023-03-31 12:38:18,567] [INFO] file=C:\Users\hendrik_gt\Anaconda3\envs\grondwater\lib\site-packages\pywps\validator\complexvalidator.py line=195 module=complexvalidator function=validatejson validating JSON; Mode: 0
2023-03-31 12:38:18,821] [INFO] file=C:\Users\hendrik_gt\Anaconda3\envs\grondwater\lib\site-packages\pywps\validator\complexvalidator.py line=195 module=complexvalidator function=validatejson validating JSON; Mode: 0
2023-03-31 12:38:18,825] [INFO] file=C:\Users\hendrik_gt\Anaconda3\envs\grondwater\lib\site-packages\pywps\app\Process.py line=327 module=Process function=clean Removing temporary working directory: D:\projecten\datamanagement\rws\GrondwaterMonitoringIJmuiden\groundwater_monitoring_wps\groundwater-monitoring-wps\tmp\pywps_process_exdeo8q3
2023-04-07 13:04:51,955] [INFO] file=C:\Users\hendrik_gt\Anaconda3\envs\grondwater\lib\site-packages\pywps\app\Service.py line=288 module=Service function=call Request: getcapabilities
2023-04-07 13:05:11,963] [INFO] file=C:\Users\hendrik_gt\Anaconda3\envs\grondwater\lib\site-packages\pywps\app\Service.py line=288 module=Service function=call Request: execute
2023-04-07 13:05:53,965] [INFO] file=C:\Users\hendrik_gt\Anaconda3\envs\grondwater\lib\site-packages\pywps\validator\complexvalidator.py line=195 module=complexvalidator function=validatejson validating JSON; Mode: 0
2023-04-07 13:05:53,970] [INFO] file=C:\Users\hendrik_gt\Anaconda3\envs\grondwater\lib\site-packages\pywps\app\Process.py line=327 module=Process function=clean Removing temporary working directory: D:\projecten\datamanagement\rws\GrondwaterMonitoringIJmuiden\groundwater_monitoring_wps\groundwater-monitoring-wps\tmp\pywps_process_n2_qp1o7
2023-04-07 13:25:44,508] [INFO] file=C:\Users\hendrik_gt\Anaconda3\envs\grondwater\lib\site-packages\pywps\app\Service.py line=288 module=Service function=call Request: execute
2023-04-07 13:25:45,133] [INFO] file=C:\Users\hendrik_gt\Anaconda3\envs\grondwater\lib\site-packages\pywps\validator\complexvalidator.py line=195 module=complexvalidator function=validatejson validating JSON; Mode: 0
2023-04-07 13:25:45,137] [INFO] file=C:\Users\hendrik_gt\Anaconda3\envs\grondwater\lib\site-packages\pywps\app\Process.py line=327 module=Process function=clean Removing temporary working directory: D:\projecten\datamanagement\rws\GrondwaterMonitoringIJmuiden\groundwater_monitoring_wps\groundwater-monitoring-wps\tmp\pywps_process_1iwovhes
2023-04-07 13:26:17,936] [INFO] file=C:\Users\hendrik_gt\Anaconda3\envs\grondwater\lib\site-packages\pywps\app\Service.py line=288 module=Service function=call Request: execute
2023-04-07 13:26:17,940] [INFO] file=C:\Users\hendrik_gt\Anaconda3\envs\grondwater\lib\site-packages\pywps\validator\complexvalidator.py line=195 module=complexvalidator function=validatejson validating JSON; Mode: 0
2023-04-07 13:26:19,748] [INFO] file=C:\Users\hendrik_gt\Anaconda3\envs\grondwater\lib\site-packages\pywps\validator\complexvalidator.py line=195 module=complexvalidator function=validatejson validating JSON; Mode: 0
2023-04-07 13:26:19,756] [INFO] file=C:\Users\hendrik_gt\Anaconda3\envs\grondwater\lib\site-packages\pywps\app\Process.py line=327 module=Process function=clean Removing temporary working directory: D:\projecten\datamanagement\rws\GrondwaterMonitoringIJmuiden\groundwater_monitoring_wps\groundwater-monitoring-wps\tmp\pywps_process_3tzzysru
2023-04-07 13:31:27,815] [INFO] file=C:\Users\hendrik_gt\Anaconda3\envs\grondwater\lib\site-packages\pywps\app\Service.py line=288 module=Service function=call Request: execute
2023-04-07 13:31:27,824] [INFO] file=C:\Users\hendrik_gt\Anaconda3\envs\grondwater\lib\site-packages\pywps\validator\complexvalidator.py line=195 module=complexvalidator function=validatejson validating JSON; Mode: 0
2023-04-07 13:31:29,185] [INFO] file=C:\Users\hendrik_gt\Anaconda3\envs\grondwater\lib\site-packages\pywps\validator\complexvalidator.py line=195 module=complexvalidator function=validatejson validating JSON; Mode: 0
2023-04-07 13:31:29,208] [INFO] file=C:\Users\hendrik_gt\Anaconda3\envs\grondwater\lib\site-packages\pywps\app\Process.py line=327 module=Process function=clean Removing temporary working directory: D:\projecten\datamanagement\rws\GrondwaterMonitoringIJmuiden\groundwater_monitoring_wps\groundwater-monitoring-wps\tmp\pywps_process_y598v9c_
2023-04-07 13:32:52,541] [INFO] file=C:\Users\hendrik_gt\Anaconda3\envs\grondwater\lib\site-packages\pywps\app\Service.py line=288 module=Service function=call Request: execute
2023-04-07 13:32:52,562] [INFO] file=C:\Users\hendrik_gt\Anaconda3\envs\grondwater\lib\site-packages\pywps\validator\complexvalidator.py line=195 module=complexvalidator function=validatejson validating JSON; Mode: 0
2023-04-07 13:32:54,015] [INFO] file=C:\Users\hendrik_gt\Anaconda3\envs\grondwater\lib\site-packages\pywps\validator\complexvalidator.py line=195 module=complexvalidator function=validatejson validating JSON; Mode: 0
2023-04-07 13:32:54,022] [INFO] file=C:\Users\hendrik_gt\Anaconda3\envs\grondwater\lib\site-packages\pywps\app\Process.py line=327 module=Process function=clean Removing temporary working directory: D:\projecten\datamanagement\rws\GrondwaterMonitoringIJmuiden\groundwater_monitoring_wps\groundwater-monitoring-wps\tmp\pywps_process_uyxxotuz
2023-04-07 13:36:07,889] [INFO] file=C:\Users\hendrik_gt\Anaconda3\envs\grondwater\lib\site-packages\pywps\app\Service.py line=288 module=Service function=call Request: execute
2023-04-07 13:36:08,560] [INFO] file=C:\Users\hendrik_gt\Anaconda3\envs\grondwater\lib\site-packages\pywps\validator\complexvalidator.py line=195 module=complexvalidator function=validatejson validating JSON; Mode: 0
2023-04-07 13:36:08,564] [INFO] file=C:\Users\hendrik_gt\Anaconda3\envs\grondwater\lib\site-packages\pywps\app\Process.py line=327 module=Process function=clean Removing temporary working directory: D:\projecten\datamanagement\rws\GrondwaterMonitoringIJmuiden\groundwater_monitoring_wps\groundwater-monitoring-wps\tmp\pywps_process_yn6ukuew
2023-04-14 09:17:59,750] [INFO] file=C:\Users\hendrik_gt\Anaconda3\envs\grondwater\lib\site-packages\pywps\app\Service.py line=288 module=Service function=call Request: execute
2023-04-14 09:19:14,991] [INFO] file=C:\Users\hendrik_gt\Anaconda3\envs\grondwater\lib\site-packages\pywps\validator\complexvalidator.py line=195 module=complexvalidator function=validatejson validating JSON; Mode: 0
2023-04-14 09:19:14,998] [INFO] file=C:\Users\hendrik_gt\Anaconda3\envs\grondwater\lib\site-packages\pywps\app\Process.py line=327 module=Process function=clean Removing temporary working directory: D:\projecten\datamanagement\rws\GrondwaterMonitoringIJmuiden\groundwater_monitoring_wps\groundwater-monitoring-wps\tmp\pywps_process_dw558zd8
2023-04-14 09:21:03,760] [INFO] file=C:\Users\hendrik_gt\Anaconda3\envs\grondwater\lib\site-packages\pywps\app\Service.py line=288 module=Service function=call Request: execute
2023-04-14 09:21:05,343] [INFO] file=C:\Users\hendrik_gt\Anaconda3\envs\grondwater\lib\site-packages\pywps\validator\complexvalidator.py line=195 module=complexvalidator function=validatejson validating JSON; Mode: 0
2023-04-14 09:21:05,354] [INFO] file=C:\Users\hendrik_gt\Anaconda3\envs\grondwater\lib\site-packages\pywps\app\Process.py line=327 module=Process function=clean Removing temporary working directory: D:\projecten\datamanagement\rws\GrondwaterMonitoringIJmuiden\groundwater_monitoring_wps\groundwater-monitoring-wps\tmp\pywps_process_zz6dvm80
2023-04-14 09:21:32,044] [INFO] file=C:\Users\hendrik_gt\Anaconda3\envs\grondwater\lib\site-packages\pywps\app\Service.py line=288 module=Service function=call Request: execute
2023-04-14 09:21:32,608] [INFO] file=C:\Users\hendrik_gt\Anaconda3\envs\grondwater\lib\site-packages\pywps\validator\complexvalidator.py line=195 module=complexvalidator function=validatejson validating JSON; Mode: 0
2023-04-14 09:21:32,613] [INFO] file=C:\Users\hendrik_gt\Anaconda3\envs\grondwater\lib\site-packages\pywps\app\Process.py line=327 module=Process function=clean Removing temporary working directory: D:\projecten\datamanagement\rws\GrondwaterMonitoringIJmuiden\groundwater_monitoring_wps\groundwater-monitoring-wps\tmp\pywps_process_wsxsmw3e
2023-04-14 09:22:26,253] [INFO] file=C:\Users\hendrik_gt\Anaconda3\envs\grondwater\lib\site-packages\pywps\app\Service.py line=288 module=Service function=call Request: execute
2023-04-14 09:22:27,392] [INFO] file=C:\Users\hendrik_gt\Anaconda3\envs\grondwater\lib\site-packages\pywps\validator\complexvalidator.py line=195 module=complexvalidator function=validatejson validating JSON; Mode: 0
2023-04-14 09:22:27,396] [INFO] file=C:\Users\hendrik_gt\Anaconda3\envs\grondwater\lib\site-packages\pywps\app\Process.py line=327 module=Process function=clean Removing temporary working directory: D:\projecten\datamanagement\rws\GrondwaterMonitoringIJmuiden\groundwater_monitoring_wps\groundwater-monitoring-wps\tmp\pywps_process_zcje2q2s
2023-04-14 09:24:29,611] [INFO] file=C:\Users\hendrik_gt\Anaconda3\envs\grondwater\lib\site-packages\pywps\app\Service.py line=288 module=Service function=call Request: execute
2023-04-14 09:24:29,639] [INFO] file=C:\Users\hendrik_gt\Anaconda3\envs\grondwater\lib\site-packages\pywps\validator\complexvalidator.py line=195 module=complexvalidator function=validatejson validating JSON; Mode: 0
2023-04-14 09:24:32,037] [INFO] file=C:\Users\hendrik_gt\Anaconda3\envs\grondwater\lib\site-packages\pywps\validator\complexvalidator.py line=195 module=complexvalidator function=validatejson validating JSON; Mode: 0
2023-04-14 09:24:32,048] [INFO] file=C:\Users\hendrik_gt\Anaconda3\envs\grondwater\lib\site-packages\pywps\app\Process.py line=327 module=Process function=clean Removing temporary working directory: D:\projecten\datamanagement\rws\GrondwaterMonitoringIJmuiden\groundwater_monitoring_wps\groundwater-monitoring-wps\tmp\pywps_process_mwkbdvi3
2023-04-14 09:50:08,283] [INFO] file=C:\Users\hendrik_gt\Anaconda3\envs\grondwater\lib\site-packages\pywps\app\Service.py line=288 module=Service function=call Request: execute
2023-04-14 09:50:08,315] [INFO] file=C:\Users\hendrik_gt\Anaconda3\envs\grondwater\lib\site-packages\pywps\validator\complexvalidator.py line=195 module=complexvalidator function=validatejson validating JSON; Mode: 0
2023-04-14 09:50:09,681] [INFO] file=C:\Users\hendrik_gt\Anaconda3\envs\grondwater\lib\site-packages\pywps\validator\complexvalidator.py line=195 module=complexvalidator function=validatejson validating JSON; Mode: 0
2023-04-14 09:50:09,684] [INFO] file=C:\Users\hendrik_gt\Anaconda3\envs\grondwater\lib\site-packages\pywps\app\Process.py line=327 module=Process function=clean Removing temporary working directory: D:\projecten\datamanagement\rws\GrondwaterMonitoringIJmuiden\groundwater_monitoring_wps\groundwater-monitoring-wps\tmp\pywps_process__ce1zt_9
2023-05-24 21:19:03,511] [INFO] file=C:\Users\hendrik_gt\Anaconda3\envs\grondwater\lib\site-packages\pywps\app\Service.py line=288 module=Service function=call Request: execute
2023-05-24 21:19:04,015] [INFO] file=C:\Users\hendrik_gt\Anaconda3\envs\grondwater\lib\site-packages\pywps\validator\complexvalidator.py line=195 module=complexvalidator function=validatejson validating JSON; Mode: 0
2023-05-24 21:25:04,347] [ERROR] file=C:\Users\hendrik_gt\Anaconda3\envs\grondwater\lib\site-packages\pywps\app\Process.py line=279 module=Process function=_run_process Process error: method=nobvgl_wps_read_locations.py._handler, line=78, msg='output_json'
2023-05-24 21:25:04,353] [INFO] file=C:\Users\hendrik_gt\Anaconda3\envs\grondwater\lib\site-packages\pywps\app\Process.py line=327 module=Process function=clean Removing temporary working directory: D:\projecten\datamanagement\rws\GrondwaterMonitoringIJmuiden\groundwater_monitoring_wps\groundwater-monitoring-wps\tmp\pywps_process_veh_88y7
2023-06-13 11:33:47,762] [INFO] file=C:\Users\hendrik_gt\Anaconda3\envs\grondwater\lib\site-packages\pywps\app\Service.py line=288 module=Service function=call Request: execute
2023-06-13 11:33:48,179] [INFO] file=C:\Users\hendrik_gt\Anaconda3\envs\grondwater\lib\site-packages\pywps\validator\complexvalidator.py line=195 module=complexvalidator function=validatejson validating JSON; Mode: 0
2023-06-13 11:33:49,643] [INFO] file=C:\Users\hendrik_gt\Anaconda3\envs\grondwater\lib\site-packages\pywps\validator\complexvalidator.py line=195 module=complexvalidator function=validatejson validating JSON; Mode: 0
2023-06-13 11:33:49,653] [INFO] file=C:\Users\hendrik_gt\Anaconda3\envs\grondwater\lib\site-packages\pywps\app\Process.py line=327 module=Process function=clean Removing temporary working directory: D:\projecten\datamanagement\rws\GrondwaterMonitoringIJmuiden\groundwater_monitoring_wps\groundwater-monitoring-wps\tmp\pywps_process_469j09ub
2023-06-13 11:34:57,375] [INFO] file=C:\Users\hendrik_gt\Anaconda3\envs\grondwater\lib\site-packages\pywps\app\Service.py line=288 module=Service function=call Request: execute
2023-06-13 11:34:57,380] [INFO] file=C:\Users\hendrik_gt\Anaconda3\envs\grondwater\lib\site-packages\pywps\validator\complexvalidator.py line=195 module=complexvalidator function=validatejson validating JSON; Mode: 0
2023-06-13 11:35:07,951] [INFO] file=C:\Users\hendrik_gt\Anaconda3\envs\grondwater\lib\site-packages\pywps\validator\complexvalidator.py line=195 module=complexvalidator function=validatejson validating JSON; Mode: 0
2023-06-13 11:35:08,046] [INFO] file=C:\Users\hendrik_gt\Anaconda3\envs\grondwater\lib\site-packages\pywps\app\Process.py line=327 module=Process function=clean Removing temporary working directory: D:\projecten\datamanagement\rws\GrondwaterMonitoringIJmuiden\groundwater_monitoring_wps\groundwater-monitoring-wps\tmp\pywps_process_g8h7_vmd
2023-06-13 11:38:31,284] [INFO] file=C:\Users\hendrik_gt\Anaconda3\envs\grondwater\lib\site-packages\pywps\app\Service.py line=288 module=Service function=call Request: execute
2023-06-13 11:38:31,287] [INFO] file=C:\Users\hendrik_gt\Anaconda3\envs\grondwater\lib\site-packages\pywps\validator\complexvalidator.py line=195 module=complexvalidator function=validatejson validating JSON; Mode: 0
2023-06-13 11:38:39,577] [INFO] file=C:\Users\hendrik_gt\Anaconda3\envs\grondwater\lib\site-packages\pywps\validator\complexvalidator.py line=195 module=complexvalidator function=validatejson validating JSON; Mode: 0
2023-06-13 11:38:39,690] [INFO] file=C:\Users\hendrik_gt\Anaconda3\envs\grondwater\lib\site-packages\pywps\app\Process.py line=327 module=Process function=clean Removing temporary working directory: D:\projecten\datamanagement\rws\GrondwaterMonitoringIJmuiden\groundwater_monitoring_wps\groundwater-monitoring-wps\tmp\pywps_process_b5ug_v8_
2023-07-28 14:56:46,549] [INFO] file=C:\Users\hendrik_gt\AppData\Local\anaconda3\envs\pywps_gwmonitoring\Lib\site-packages\pywps\app\Service.py line=288 module=Service function=call Request: execute
2023-07-28 14:56:46,618] [INFO] file=C:\Users\hendrik_gt\AppData\Local\anaconda3\envs\pywps_gwmonitoring\Lib\site-packages\pywps\validator\complexvalidator.py line=195 module=complexvalidator function=validatejson validating JSON; Mode: 0
2023-07-28 14:56:46,685] [ERROR] file=C:\Users\hendrik_gt\AppData\Local\anaconda3\envs\pywps_gwmonitoring\Lib\site-packages\pywps\app\Process.py line=279 module=Process function=_run_process Process error: method=nobvgl_wps_read_locations.py._handler, line=78, msg='output_json'
2023-07-28 14:56:46,690] [INFO] file=C:\Users\hendrik_gt\AppData\Local\anaconda3\envs\pywps_gwmonitoring\Lib\site-packages\pywps\app\Process.py line=327 module=Process function=clean Removing temporary working directory: C:\develop\groundwater-monitoring-wps\tmp\pywps_process_cp0_x052
2023-07-28 16:22:45,162] [INFO] file=C:\Users\hendrik_gt\AppData\Local\anaconda3\envs\pywps_gwmonitoring\Lib\site-packages\pywps\app\Service.py line=288 module=Service function=call Request: execute
2023-07-28 16:22:45,180] [INFO] file=C:\Users\hendrik_gt\AppData\Local\anaconda3\envs\pywps_gwmonitoring\Lib\site-packages\pywps\validator\complexvalidator.py line=195 module=complexvalidator function=validatejson validating JSON; Mode: 0
2023-07-28 16:22:45,239] [ERROR] file=C:\Users\hendrik_gt\AppData\Local\anaconda3\envs\pywps_gwmonitoring\Lib\site-packages\pywps\app\Process.py line=279 module=Process function=_run_process Process error: method=nobvgl_wps_read_locations.py._handler, line=78, msg='output_json'
2023-07-28 16:22:45,242] [INFO] file=C:\Users\hendrik_gt\AppData\Local\anaconda3\envs\pywps_gwmonitoring\Lib\site-packages\pywps\app\Process.py line=327 module=Process function=clean Removing temporary working directory: C:\develop\groundwater-monitoring-wps\tmp\pywps_process_s09oia0i
2023-07-28 16:23:00,279] [INFO] file=C:\Users\hendrik_gt\AppData\Local\anaconda3\envs\pywps_gwmonitoring\Lib\site-packages\pywps\app\Service.py line=288 module=Service function=call Request: execute
2023-07-28 16:23:00,323] [INFO] file=C:\Users\hendrik_gt\AppData\Local\anaconda3\envs\pywps_gwmonitoring\Lib\site-packages\pywps\validator\complexvalidator.py line=195 module=complexvalidator function=validatejson validating JSON; Mode: 0
2023-07-28 16:23:01,177] [INFO] file=C:\Users\hendrik_gt\AppData\Local\anaconda3\envs\pywps_gwmonitoring\Lib\site-packages\pywps\validator\complexvalidator.py line=195 module=complexvalidator function=validatejson validating JSON; Mode: 0
2023-07-28 16:23:01,181] [INFO] file=C:\Users\hendrik_gt\AppData\Local\anaconda3\envs\pywps_gwmonitoring\Lib\site-packages\pywps\app\Process.py line=327 module=Process function=clean Removing temporary working directory: C:\develop\groundwater-monitoring-wps\tmp\pywps_process_ymlvzrb9
